Release 10.1.03 - xst K.39 (lin64)
Copyright (c) 1995-2008 Xilinx, Inc.  All rights reserved.
--> 
Parameter TMPDIR set to /afs/athena.mit.edu/user/p/a/paulinev/Documents/6.111/laser_pinball/camera/ise/camera_read/xst/projnav.tmp


Total REAL time to Xst completion: 0.00 secs
Total CPU time to Xst completion: 0.04 secs
 
--> 
Parameter xsthdpdir set to /afs/athena.mit.edu/user/p/a/paulinev/Documents/6.111/laser_pinball/camera/ise/camera_read/xst


Total REAL time to Xst completion: 0.00 secs
Total CPU time to Xst completion: 0.04 secs
 
--> 
Reading design: labkit.prj

TABLE OF CONTENTS
  1) Synthesis Options Summary
  2) HDL Compilation
  3) Design Hierarchy Analysis
  4) HDL Analysis
  5) HDL Synthesis
     5.1) HDL Synthesis Report
  6) Advanced HDL Synthesis
     6.1) Advanced HDL Synthesis Report
  7) Low Level Synthesis
  8) Partition Report
  9) Final Report
     9.1) Device utilization summary
     9.2) Partition Resource Summary
     9.3) TIMING REPORT


=========================================================================
*                      Synthesis Options Summary                        *
=========================================================================
---- Source Parameters
Input File Name                    : "labkit.prj"
Input Format                       : mixed
Ignore Synthesis Constraint File   : NO

---- Target Parameters
Output File Name                   : "labkit"
Output Format                      : NGC
Target Device                      : xc2v6000-4-bf957

---- Source Options
Top Module Name                    : labkit
Automatic FSM Extraction           : YES
FSM Encoding Algorithm             : Auto
Safe Implementation                : No
FSM Style                          : lut
RAM Extraction                     : Yes
RAM Style                          : Auto
ROM Extraction                     : Yes
Mux Style                          : Auto
Decoder Extraction                 : YES
Priority Encoder Extraction        : YES
Shift Register Extraction          : YES
Logical Shifter Extraction         : YES
XOR Collapsing                     : YES
ROM Style                          : Auto
Mux Extraction                     : YES
Resource Sharing                   : YES
Asynchronous To Synchronous        : NO
Multiplier Style                   : auto
Automatic Register Balancing       : No

---- Target Options
Add IO Buffers                     : YES
Global Maximum Fanout              : 500
Add Generic Clock Buffer(BUFG)     : 16
Register Duplication               : YES
Slice Packing                      : YES
Optimize Instantiated Primitives   : NO
Convert Tristates To Logic         : Yes
Use Clock Enable                   : Yes
Use Synchronous Set                : Yes
Use Synchronous Reset              : Yes
Pack IO Registers into IOBs        : auto
Equivalent register Removal        : YES

---- General Options
Optimization Goal                  : Speed
Optimization Effort                : 1
Library Search Order               : labkit.lso
Keep Hierarchy                     : NO
Netlist Hierarchy                  : as_optimized
RTL Output                         : Yes
Global Optimization                : AllClockNets
Read Cores                         : YES
Write Timing Constraints           : NO
Cross Clock Analysis               : NO
Hierarchy Separator                : /
Bus Delimiter                      : <>
Case Specifier                     : maintain
Slice Utilization Ratio            : 100
BRAM Utilization Ratio             : 100
Verilog 2001                       : YES
Auto BRAM Packing                  : NO
Slice Utilization Ratio Delta      : 5

=========================================================================


=========================================================================
*                          HDL Compilation                              *
=========================================================================
Compiling verilog file "../../vga_display.v" in library work
Compiling verilog file "debounce.v" in library work
Module <xvga_640x480> compiled
Compiling verilog file "../../frame_buffer.v" in library work
Module <debounce> compiled
Compiling verilog file "../../dual_port_bram.v" in library work
Module <camera_read> compiled
Compiling verilog file "../../camera_save.v" in library work
Module <dual_port_bram> compiled
Compiling verilog file "../../labkit.v" in library work
Module <camera_save> compiled
Module <labkit> compiled
No errors in compilation
Analysis of file <"labkit.prj"> succeeded.
 

=========================================================================
*                     Design Hierarchy Analysis                         *
=========================================================================
Analyzing hierarchy for module <labkit> in library <work>.

Analyzing hierarchy for module <debounce> in library <work> with parameters.
	DELAY = "00000000000001000001111010110000"

Analyzing hierarchy for module <camera_read> in library <work>.

Analyzing hierarchy for module <camera_save> in library <work> with parameters.
	LOGSIZE = "00000000000000000000000000010011"
	SAVE_PIXEL_1 = "00000000000000000000000000000001"
	SAVE_PIXEL_2 = "00000000000000000000000000000010"
	VGA_DRIVE = "00000000000000000000000000000011"
	WAIT_PIXEL = "00000000000000000000000000000000"
	WIDTH = "00000000000000000000000000001000"

Analyzing hierarchy for module <xvga_640x480> in library <work>.

WARNING:Xst:2591 - "../../labkit.v" line 338: attribute on instance <CLKFX_DIVIDE> overrides generic/parameter on entity. It is possible that simulator will not take this attribute into account.
WARNING:Xst:2591 - "../../labkit.v" line 338: attribute on instance <CLKFX_MULTIPLY> overrides generic/parameter on entity. It is possible that simulator will not take this attribute into account.
WARNING:Xst:2591 - "../../labkit.v" line 338: attribute on instance <CLKIN_PERIOD> overrides generic/parameter on entity. It is possible that simulator will not take this attribute into account.
WARNING:Xst:2591 - "../../labkit.v" line 338: attribute on instance <CLK_FEEDBACK> overrides generic/parameter on entity. It is possible that simulator will not take this attribute into account.

=========================================================================
*                            HDL Analysis                               *
=========================================================================
Analyzing top module <labkit>.
Module <labkit> is correct for synthesis.
 
    Set user-defined property "INIT =  FFFF" for instance <reset_sr> in unit <labkit>.
    Set user-defined property "CLKDV_DIVIDE =  2.0000000000000000" for instance <slowclk> in unit <labkit>.
    Set user-defined property "CLKFX_DIVIDE =  27" for instance <slowclk> in unit <labkit>.
    Set user-defined property "CLKFX_MULTIPLY =  10" for instance <slowclk> in unit <labkit>.
    Set user-defined property "CLKIN_DIVIDE_BY_2 =  FALSE" for instance <slowclk> in unit <labkit>.
    Set user-defined property "CLKIN_PERIOD =  37.0000000000000000" for instance <slowclk> in unit <labkit>.
    Set user-defined property "CLKOUT_PHASE_SHIFT =  NONE" for instance <slowclk> in unit <labkit>.
    Set user-defined property "CLK_FEEDBACK =  NONE" for instance <slowclk> in unit <labkit>.
    Set user-defined property "DESKEW_ADJUST =  SYSTEM_SYNCHRONOUS" for instance <slowclk> in unit <labkit>.
    Set user-defined property "DFS_FREQUENCY_MODE =  LOW" for instance <slowclk> in unit <labkit>.
    Set user-defined property "DLL_FREQUENCY_MODE =  LOW" for instance <slowclk> in unit <labkit>.
    Set user-defined property "DSS_MODE =  NONE" for instance <slowclk> in unit <labkit>.
    Set user-defined property "DUTY_CYCLE_CORRECTION =  TRUE" for instance <slowclk> in unit <labkit>.
    Set user-defined property "FACTORY_JF =  C080" for instance <slowclk> in unit <labkit>.
    Set user-defined property "PHASE_SHIFT =  0" for instance <slowclk> in unit <labkit>.
    Set user-defined property "SIM_MODE =  SAFE" for instance <slowclk> in unit <labkit>.
    Set user-defined property "STARTUP_WAIT =  FALSE" for instance <slowclk> in unit <labkit>.
    Set user-defined property "CAPACITANCE =  DONT_CARE" for instance <clk_buf> in unit <labkit>.
    Set user-defined property "DRIVE =  12" for instance <clk_buf> in unit <labkit>.
    Set user-defined property "IOSTANDARD =  DEFAULT" for instance <clk_buf> in unit <labkit>.
    Set user-defined property "SLEW =  SLOW" for instance <clk_buf> in unit <labkit>.
Analyzing module <debounce> in library <work>.
	DELAY = 32'sb00000000000001000001111010110000
Module <debounce> is correct for synthesis.
 
Analyzing module <camera_read> in library <work>.
Module <camera_read> is correct for synthesis.
 
Analyzing module <camera_save> in library <work>.
	LOGSIZE = 32'sb00000000000000000000000000010011
	SAVE_PIXEL_1 = 32'sb00000000000000000000000000000001
	SAVE_PIXEL_2 = 32'sb00000000000000000000000000000010
	VGA_DRIVE = 32'sb00000000000000000000000000000011
	WAIT_PIXEL = 32'sb00000000000000000000000000000000
	WIDTH = 32'sb00000000000000000000000000001000
Module <camera_save> is correct for synthesis.
 
Analyzing module <xvga_640x480> in library <work>.
Module <xvga_640x480> is correct for synthesis.
 

=========================================================================
*                           HDL Synthesis                               *
=========================================================================

Performing bidirectional port resolution...
INFO:Xst:2561 - Always blocking tristate driving signal <flash_data> in unit <labkit> is removed.
INFO:Xst:2561 - Always blocking tristate driving signal <ram0_data> in unit <labkit> is removed.
INFO:Xst:2561 - Always blocking tristate driving signal <user1> in unit <labkit> is removed.
INFO:Xst:2561 - Always blocking tristate driving signal <user1> in unit <labkit> is removed.
INFO:Xst:2561 - Always blocking tristate driving signal <user1> in unit <labkit> is removed.
INFO:Xst:2561 - Always blocking tristate driving signal <user1> in unit <labkit> is removed.
INFO:Xst:2561 - Always blocking tristate driving signal <user1> in unit <labkit> is removed.
INFO:Xst:2561 - Always blocking tristate driving signal <user1> in unit <labkit> is removed.
INFO:Xst:2561 - Always blocking tristate driving signal <user1> in unit <labkit> is removed.
INFO:Xst:2561 - Always blocking tristate driving signal <user1> in unit <labkit> is removed.
INFO:Xst:2561 - Always blocking tristate driving signal <user1> in unit <labkit> is removed.
INFO:Xst:2561 - Always blocking tristate driving signal <user1> in unit <labkit> is removed.
INFO:Xst:2561 - Always blocking tristate driving signal <user1> in unit <labkit> is removed.
INFO:Xst:2561 - Always blocking tristate driving signal <user1> in unit <labkit> is removed.
INFO:Xst:2561 - Always blocking tristate driving signal <user1> in unit <labkit> is removed.
INFO:Xst:2561 - Always blocking tristate driving signal <user1> in unit <labkit> is removed.
INFO:Xst:2561 - Always blocking tristate driving signal <user1> in unit <labkit> is removed.
INFO:Xst:2561 - Always blocking tristate driving signal <user1> in unit <labkit> is removed.
INFO:Xst:2561 - Always blocking tristate driving signal <user1> in unit <labkit> is removed.
INFO:Xst:2561 - Always blocking tristate driving signal <user1> in unit <labkit> is removed.
INFO:Xst:2561 - Always blocking tristate driving signal <user2> in unit <labkit> is removed.
INFO:Xst:2561 - Always blocking tristate driving signal <user3> in unit <labkit> is removed.
INFO:Xst:2561 - Always blocking tristate driving signal <user4> in unit <labkit> is removed.
INFO:Xst:2561 - Always blocking tristate driving signal <ram1_data> in unit <labkit> is removed.
INFO:Xst:2561 - Always blocking tristate driving signal <daughtercard> in unit <labkit> is removed.
INFO:Xst:2561 - Always blocking tristate driving signal <systemace_data> in unit <labkit> is removed.
INFO:Xst:2561 - Always blocking tristate driving signal <tv_in_i2c_data> in unit <labkit> is removed.

Synthesizing Unit <debounce>.
    Related source file is "debounce.v".
    Found 1-bit register for signal <clean>.
    Found 19-bit up counter for signal <count>.
    Found 1-bit xor2 for signal <count$xor0000> created at line 18.
    Found 1-bit register for signal <new>.
    Summary:
	inferred   1 Counter(s).
	inferred   2 D-type flip-flop(s).
Unit <debounce> synthesized.


Synthesizing Unit <camera_read>.
    Related source file is "../../frame_buffer.v".
WARNING:Xst:647 - Input <clk> is never used. This port will be preserved and left unconnected if it belongs to a top-level block or it belongs to a sub-block and the hierarchy of this sub-block is preserved.
    Found 1-bit register for signal <frame_done>.
    Found 32-bit register for signal <data_out>.
    Found 1-bit register for signal <pixel_done>.
    Found 2-bit down counter for signal <count>.
    Found 1-bit register for signal <running>.
    Summary:
	inferred   1 Counter(s).
	inferred  35 D-type flip-flop(s).
Unit <camera_read> synthesized.


Synthesizing Unit <camera_save>.
    Related source file is "../../camera_save.v".
WARNING:Xst:647 - Input <data_in<31:24>> is never used. This port will be preserved and left unconnected if it belongs to a top-level block or it belongs to a sub-block and the hierarchy of this sub-block is preserved.
WARNING:Xst:647 - Input <data_in<15:0>> is never used. This port will be preserved and left unconnected if it belongs to a top-level block or it belongs to a sub-block and the hierarchy of this sub-block is preserved.
WARNING:Xst:1780 - Signal <pixel_out_2> is never used or assigned. This unconnected signal will be trimmed during the optimization process.
    Found 8-bit register for signal <pixel_out>.
    Found 19-bit register for signal <addr>.
    Found 1-bit register for signal <we>.
    Found 19-bit comparator less for signal <addr$cmp_lt0000> created at line 69.
    Found 19-bit adder for signal <addr$share0000> created at line 64.
    Found 2-bit register for signal <state>.
    Summary:
	inferred  30 D-type flip-flop(s).
	inferred   1 Adder/Subtractor(s).
	inferred   1 Comparator(s).
Unit <camera_save> synthesized.


Synthesizing Unit <xvga_640x480>.
    Related source file is "../../vga_display.v".
    Found 10-bit up counter for signal <vcount>.
    Found 1-bit register for signal <vsync>.
    Found 10-bit up counter for signal <hcount>.
    Found 1-bit register for signal <blank>.
    Found 1-bit register for signal <hsync>.
    Found 1-bit register for signal <hblank>.
    Found 1-bit register for signal <vblank>.
    Summary:
	inferred   2 Counter(s).
	inferred   5 D-type flip-flop(s).
Unit <xvga_640x480> synthesized.


Synthesizing Unit <labkit>.
    Related source file is "../../labkit.v".
WARNING:Xst:2565 - Inout <user3<28>> is never assigned.
WARNING:Xst:2565 - Inout <user3<4>> is never assigned.
WARNING:Xst:2565 - Inout <user3<29>> is never assigned.
WARNING:Xst:2565 - Inout <user3<5>> is never assigned.
WARNING:Xst:647 - Input <button0> is never used. This port will be preserved and left unconnected if it belongs to a top-level block or it belongs to a sub-block and the hierarchy of this sub-block is preserved.
WARNING:Xst:647 - Input <button1> is never used. This port will be preserved and left unconnected if it belongs to a top-level block or it belongs to a sub-block and the hierarchy of this sub-block is preserved.
WARNING:Xst:647 - Input <button2> is never used. This port will be preserved and left unconnected if it belongs to a top-level block or it belongs to a sub-block and the hierarchy of this sub-block is preserved.
WARNING:Xst:647 - Input <button3> is never used. This port will be preserved and left unconnected if it belongs to a top-level block or it belongs to a sub-block and the hierarchy of this sub-block is preserved.
WARNING:Xst:2565 - Inout <user3<6>> is never assigned.
WARNING:Xst:2565 - Inout <user3<7>> is never assigned.
WARNING:Xst:2565 - Inout <user3<8>> is never assigned.
WARNING:Xst:2565 - Inout <user3<9>> is never assigned.
WARNING:Xst:2565 - Inout <daughtercard<10>> is never assigned.
WARNING:Xst:2565 - Inout <flash_data<10>> is never assigned.
WARNING:Xst:2565 - Inout <daughtercard<11>> is never assigned.
WARNING:Xst:2565 - Inout <flash_data<11>> is never assigned.
WARNING:Xst:647 - Input <clock1> is never used. This port will be preserved and left unconnected if it belongs to a top-level block or it belongs to a sub-block and the hierarchy of this sub-block is preserved.
WARNING:Xst:647 - Input <clock2> is never used. This port will be preserved and left unconnected if it belongs to a top-level block or it belongs to a sub-block and the hierarchy of this sub-block is preserved.
WARNING:Xst:2565 - Inout <daughtercard<12>> is never assigned.
WARNING:Xst:2565 - Inout <flash_data<12>> is never assigned.
WARNING:Xst:2565 - Inout <daughtercard<13>> is never assigned.
WARNING:Xst:2565 - Inout <flash_data<13>> is never assigned.
WARNING:Xst:647 - Input <tv_in_aef> is never used. This port will be preserved and left unconnected if it belongs to a top-level block or it belongs to a sub-block and the hierarchy of this sub-block is preserved.
WARNING:Xst:2565 - Inout <daughtercard<14>> is never assigned.
WARNING:Xst:2565 - Inout <flash_data<14>> is never assigned.
WARNING:Xst:647 - Input <tv_in_aff> is never used. This port will be preserved and left unconnected if it belongs to a top-level block or it belongs to a sub-block and the hierarchy of this sub-block is preserved.
WARNING:Xst:2565 - Inout <daughtercard<15>> is never assigned.
WARNING:Xst:2565 - Inout <daughtercard<20>> is never assigned.
WARNING:Xst:2565 - Inout <flash_data<15>> is never assigned.
WARNING:Xst:2565 - Inout <daughtercard<21>> is never assigned.
WARNING:Xst:2565 - Inout <daughtercard<16>> is never assigned.
WARNING:Xst:2565 - Inout <daughtercard<22>> is never assigned.
WARNING:Xst:2565 - Inout <daughtercard<17>> is never assigned.
WARNING:Xst:647 - Input <systemace_irq> is never used. This port will be preserved and left unconnected if it belongs to a top-level block or it belongs to a sub-block and the hierarchy of this sub-block is preserved.
WARNING:Xst:2565 - Inout <daughtercard<18>> is never assigned.
WARNING:Xst:2565 - Inout <daughtercard<23>> is never assigned.
WARNING:Xst:2565 - Inout <flash_data<0>> is never assigned.
WARNING:Xst:647 - Input <clock_feedback_in> is never used. This port will be preserved and left unconnected if it belongs to a top-level block or it belongs to a sub-block and the hierarchy of this sub-block is preserved.
WARNING:Xst:2565 - Inout <daughtercard<19>> is never assigned.
WARNING:Xst:2565 - Inout <daughtercard<24>> is never assigned.
WARNING:Xst:2565 - Inout <flash_data<1>> is never assigned.
WARNING:Xst:647 - Input <disp_data_in> is never used. This port will be preserved and left unconnected if it belongs to a top-level block or it belongs to a sub-block and the hierarchy of this sub-block is preserved.
WARNING:Xst:2565 - Inout <user2<10>> is never assigned.
WARNING:Xst:2565 - Inout <daughtercard<25>> is never assigned.
WARNING:Xst:2565 - Inout <daughtercard<30>> is never assigned.
WARNING:Xst:2565 - Inout <flash_data<2>> is never assigned.
WARNING:Xst:2565 - Inout <user2<11>> is never assigned.
WARNING:Xst:2565 - Inout <daughtercard<31>> is never assigned.
WARNING:Xst:2565 - Inout <daughtercard<26>> is never assigned.
WARNING:Xst:2565 - Inout <flash_data<3>> is never assigned.
WARNING:Xst:2565 - Inout <user2<12>> is never assigned.
WARNING:Xst:2565 - Inout <daughtercard<32>> is never assigned.
WARNING:Xst:2565 - Inout <daughtercard<27>> is never assigned.
WARNING:Xst:2565 - Inout <flash_data<4>> is never assigned.
WARNING:Xst:2565 - Inout <user2<13>> is never assigned.
WARNING:Xst:2565 - Inout <daughtercard<33>> is never assigned.
WARNING:Xst:2565 - Inout <daughtercard<28>> is never assigned.
WARNING:Xst:2565 - Inout <flash_data<5>> is never assigned.
WARNING:Xst:2565 - Inout <user4<0>> is never assigned.
WARNING:Xst:2565 - Inout <user2<14>> is never assigned.
WARNING:Xst:2565 - Inout <daughtercard<34>> is never assigned.
WARNING:Xst:2565 - Inout <daughtercard<29>> is never assigned.
WARNING:Xst:2565 - Inout <flash_data<6>> is never assigned.
WARNING:Xst:2565 - Inout <user4<1>> is never assigned.
WARNING:Xst:2565 - Inout <user2<15>> is never assigned.
WARNING:Xst:2565 - Inout <user2<20>> is never assigned.
WARNING:Xst:2565 - Inout <daughtercard<40>> is never assigned.
WARNING:Xst:2565 - Inout <daughtercard<35>> is never assigned.
WARNING:Xst:2565 - Inout <flash_data<7>> is never assigned.
WARNING:Xst:2565 - Inout <user4<2>> is never assigned.
WARNING:Xst:2565 - Inout <user2<21>> is never assigned.
WARNING:Xst:2565 - Inout <user2<16>> is never assigned.
WARNING:Xst:2565 - Inout <daughtercard<41>> is never assigned.
WARNING:Xst:2565 - Inout <daughtercard<36>> is never assigned.
WARNING:Xst:2565 - Inout <flash_data<8>> is never assigned.
WARNING:Xst:2565 - Inout <user4<3>> is never assigned.
WARNING:Xst:2565 - Inout <user2<17>> is never assigned.
WARNING:Xst:2565 - Inout <user2<22>> is never assigned.
WARNING:Xst:2565 - Inout <daughtercard<37>> is never assigned.
WARNING:Xst:2565 - Inout <daughtercard<42>> is never assigned.
WARNING:Xst:2565 - Inout <flash_data<9>> is never assigned.
WARNING:Xst:2565 - Inout <user4<4>> is never assigned.
WARNING:Xst:2565 - Inout <user2<23>> is never assigned.
WARNING:Xst:2565 - Inout <user2<18>> is never assigned.
WARNING:Xst:647 - Input <keyboard_clock> is never used. This port will be preserved and left unconnected if it belongs to a top-level block or it belongs to a sub-block and the hierarchy of this sub-block is preserved.
WARNING:Xst:2565 - Inout <daughtercard<38>> is never assigned.
WARNING:Xst:2565 - Inout <daughtercard<43>> is never assigned.
WARNING:Xst:2565 - Inout <user4<5>> is never assigned.
WARNING:Xst:2565 - Inout <user2<24>> is never assigned.
WARNING:Xst:2565 - Inout <user2<19>> is never assigned.
WARNING:Xst:2565 - Inout <daughtercard<39>> is never assigned.
WARNING:Xst:2565 - Inout <tv_in_i2c_data> is never assigned.
WARNING:Xst:2565 - Inout <user4<6>> is never assigned.
WARNING:Xst:2565 - Inout <user2<30>> is never assigned.
WARNING:Xst:2565 - Inout <user2<25>> is never assigned.
WARNING:Xst:2565 - Inout <user4<7>> is never assigned.
WARNING:Xst:2565 - Inout <user2<26>> is never assigned.
WARNING:Xst:2565 - Inout <user2<31>> is never assigned.
WARNING:Xst:647 - Input <flash_sts> is never used. This port will be preserved and left unconnected if it belongs to a top-level block or it belongs to a sub-block and the hierarchy of this sub-block is preserved.
WARNING:Xst:2565 - Inout <user4<8>> is never assigned.
WARNING:Xst:647 - Input <rs232_rxd> is never used. This port will be preserved and left unconnected if it belongs to a top-level block or it belongs to a sub-block and the hierarchy of this sub-block is preserved.
WARNING:Xst:2565 - Inout <user2<27>> is never assigned.
WARNING:Xst:2565 - Inout <user4<9>> is never assigned.
WARNING:Xst:2565 - Inout <user2<28>> is never assigned.
WARNING:Xst:647 - Input <mouse_data> is never used. This port will be preserved and left unconnected if it belongs to a top-level block or it belongs to a sub-block and the hierarchy of this sub-block is preserved.
WARNING:Xst:647 - Input <rs232_cts> is never used. This port will be preserved and left unconnected if it belongs to a top-level block or it belongs to a sub-block and the hierarchy of this sub-block is preserved.
WARNING:Xst:2565 - Inout <user2<29>> is never assigned.
WARNING:Xst:2565 - Inout <daughtercard<0>> is never assigned.
WARNING:Xst:2565 - Inout <user4<10>> is never assigned.
WARNING:Xst:2565 - Inout <daughtercard<1>> is never assigned.
WARNING:Xst:647 - Input <switch> is never used. This port will be preserved and left unconnected if it belongs to a top-level block or it belongs to a sub-block and the hierarchy of this sub-block is preserved.
WARNING:Xst:2565 - Inout <user4<11>> is never assigned.
WARNING:Xst:2565 - Inout <daughtercard<2>> is never assigned.
WARNING:Xst:2565 - Inout <user4<12>> is never assigned.
WARNING:Xst:2565 - Inout <daughtercard<3>> is never assigned.
WARNING:Xst:2565 - Inout <user4<13>> is never assigned.
WARNING:Xst:2565 - Inout <daughtercard<4>> is never assigned.
WARNING:Xst:2565 - Inout <user4<14>> is never assigned.
WARNING:Xst:2565 - Inout <daughtercard<5>> is never assigned.
WARNING:Xst:2565 - Inout <user4<20>> is never assigned.
WARNING:Xst:2565 - Inout <user4<15>> is never assigned.
WARNING:Xst:2565 - Inout <daughtercard<6>> is never assigned.
WARNING:Xst:2565 - Inout <ram0_data<0>> is never assigned.
WARNING:Xst:2565 - Inout <user4<16>> is never assigned.
WARNING:Xst:2565 - Inout <user4<21>> is never assigned.
WARNING:Xst:2565 - Inout <ram1_data<10>> is never assigned.
WARNING:Xst:2565 - Inout <daughtercard<7>> is never assigned.
WARNING:Xst:2565 - Inout <ram0_data<1>> is never assigned.
WARNING:Xst:2565 - Inout <user4<22>> is never assigned.
WARNING:Xst:2565 - Inout <user4<17>> is never assigned.
WARNING:Xst:2565 - Inout <ram1_data<11>> is never assigned.
WARNING:Xst:2565 - Inout <daughtercard<8>> is never assigned.
WARNING:Xst:2565 - Inout <ram0_data<2>> is never assigned.
WARNING:Xst:2565 - Inout <user4<23>> is never assigned.
WARNING:Xst:2565 - Inout <user4<18>> is never assigned.
WARNING:Xst:647 - Input <button_left> is never used. This port will be preserved and left unconnected if it belongs to a top-level block or it belongs to a sub-block and the hierarchy of this sub-block is preserved.
WARNING:Xst:2565 - Inout <ram1_data<12>> is never assigned.
WARNING:Xst:2565 - Inout <daughtercard<9>> is never assigned.
WARNING:Xst:2565 - Inout <ram0_data<3>> is never assigned.
WARNING:Xst:2565 - Inout <user4<19>> is never assigned.
WARNING:Xst:2565 - Inout <user4<24>> is never assigned.
WARNING:Xst:2565 - Inout <ram1_data<13>> is never assigned.
WARNING:Xst:2565 - Inout <systemace_data<0>> is never assigned.
WARNING:Xst:2565 - Inout <ram0_data<4>> is never assigned.
WARNING:Xst:2565 - Inout <user4<30>> is never assigned.
WARNING:Xst:2565 - Inout <user4<25>> is never assigned.
WARNING:Xst:2565 - Inout <ram1_data<14>> is never assigned.
WARNING:Xst:2565 - Inout <systemace_data<1>> is never assigned.
WARNING:Xst:2565 - Inout <ram0_data<5>> is never assigned.
WARNING:Xst:2565 - Inout <user4<26>> is never assigned.
WARNING:Xst:2565 - Inout <user4<31>> is never assigned.
WARNING:Xst:2565 - Inout <ram1_data<20>> is never assigned.
WARNING:Xst:2565 - Inout <systemace_data<2>> is never assigned.
WARNING:Xst:2565 - Inout <ram1_data<15>> is never assigned.
WARNING:Xst:2565 - Inout <ram0_data<6>> is never assigned.
WARNING:Xst:2565 - Inout <user4<27>> is never assigned.
WARNING:Xst:2565 - Inout <systemace_data<3>> is never assigned.
WARNING:Xst:2565 - Inout <ram1_data<16>> is never assigned.
WARNING:Xst:2565 - Inout <ram1_data<21>> is never assigned.
WARNING:Xst:2565 - Inout <ram0_data<7>> is never assigned.
WARNING:Xst:647 - Input <tv_in_data_valid> is never used. This port will be preserved and left unconnected if it belongs to a top-level block or it belongs to a sub-block and the hierarchy of this sub-block is preserved.
WARNING:Xst:2565 - Inout <user4<28>> is never assigned.
WARNING:Xst:2565 - Inout <ram1_data<22>> is never assigned.
WARNING:Xst:2565 - Inout <systemace_data<4>> is never assigned.
WARNING:Xst:2565 - Inout <ram1_data<17>> is never assigned.
WARNING:Xst:647 - Input <tv_in_hff> is never used. This port will be preserved and left unconnected if it belongs to a top-level block or it belongs to a sub-block and the hierarchy of this sub-block is preserved.
WARNING:Xst:2565 - Inout <ram0_data<8>> is never assigned.
WARNING:Xst:2565 - Inout <user4<29>> is never assigned.
WARNING:Xst:2565 - Inout <ram1_data<23>> is never assigned.
WARNING:Xst:2565 - Inout <systemace_data<5>> is never assigned.
WARNING:Xst:2565 - Inout <ram1_data<18>> is never assigned.
WARNING:Xst:2565 - Inout <ram0_data<9>> is never assigned.
WARNING:Xst:2565 - Inout <user2<0>> is never assigned.
WARNING:Xst:647 - Input <tv_in_ycrcb> is never used. This port will be preserved and left unconnected if it belongs to a top-level block or it belongs to a sub-block and the hierarchy of this sub-block is preserved.
WARNING:Xst:2565 - Inout <ram0_data<10>> is never assigned.
WARNING:Xst:2565 - Inout <ram1_data<24>> is never assigned.
WARNING:Xst:2565 - Inout <systemace_data<6>> is never assigned.
WARNING:Xst:2565 - Inout <ram1_data<19>> is never assigned.
WARNING:Xst:2565 - Inout <user2<1>> is never assigned.
WARNING:Xst:2565 - Inout <ram0_data<11>> is never assigned.
WARNING:Xst:2565 - Inout <systemace_data<7>> is never assigned.
WARNING:Xst:2565 - Inout <ram1_data<25>> is never assigned.
WARNING:Xst:2565 - Inout <ram1_data<30>> is never assigned.
WARNING:Xst:2565 - Inout <user2<2>> is never assigned.
WARNING:Xst:2565 - Inout <ram0_data<12>> is never assigned.
WARNING:Xst:2565 - Inout <ram1_data<31>> is never assigned.
WARNING:Xst:2565 - Inout <systemace_data<8>> is never assigned.
WARNING:Xst:2565 - Inout <ram1_data<26>> is never assigned.
WARNING:Xst:2565 - Inout <user2<3>> is never assigned.
WARNING:Xst:2565 - Inout <user1<14>> is never assigned.
WARNING:Xst:2565 - Inout <ram0_data<13>> is never assigned.
WARNING:Xst:2565 - Inout <ram1_data<32>> is never assigned.
WARNING:Xst:2565 - Inout <systemace_data<9>> is never assigned.
WARNING:Xst:2565 - Inout <ram1_data<27>> is never assigned.
WARNING:Xst:2565 - Inout <user2<4>> is never assigned.
WARNING:Xst:2565 - Inout <user1<15>> is never assigned.
WARNING:Xst:2565 - Inout <user1<20>> is never assigned.
WARNING:Xst:2565 - Inout <ram0_data<14>> is never assigned.
WARNING:Xst:647 - Input <tv_in_line_clock1> is never used. This port will be preserved and left unconnected if it belongs to a top-level block or it belongs to a sub-block and the hierarchy of this sub-block is preserved.
WARNING:Xst:2565 - Inout <ram1_data<28>> is never assigned.
WARNING:Xst:2565 - Inout <ram1_data<33>> is never assigned.
WARNING:Xst:647 - Input <tv_in_line_clock2> is never used. This port will be preserved and left unconnected if it belongs to a top-level block or it belongs to a sub-block and the hierarchy of this sub-block is preserved.
WARNING:Xst:2565 - Inout <ram1_data<0>> is never assigned.
WARNING:Xst:2565 - Inout <user1<16>> is never assigned.
WARNING:Xst:2565 - Inout <user2<5>> is never assigned.
WARNING:Xst:2565 - Inout <user1<21>> is never assigned.
WARNING:Xst:2565 - Inout <ram0_data<20>> is never assigned.
WARNING:Xst:2565 - Inout <ram0_data<15>> is never assigned.
WARNING:Xst:2565 - Inout <ram1_data<29>> is never assigned.
WARNING:Xst:2565 - Inout <ram1_data<34>> is never assigned.
WARNING:Xst:647 - Input <keyboard_data> is never used. This port will be preserved and left unconnected if it belongs to a top-level block or it belongs to a sub-block and the hierarchy of this sub-block is preserved.
WARNING:Xst:2565 - Inout <ram1_data<1>> is never assigned.
WARNING:Xst:2565 - Inout <user1<17>> is never assigned.
WARNING:Xst:2565 - Inout <user2<6>> is never assigned.
WARNING:Xst:2565 - Inout <user1<22>> is never assigned.
WARNING:Xst:2565 - Inout <ram0_data<21>> is never assigned.
WARNING:Xst:2565 - Inout <ram0_data<16>> is never assigned.
WARNING:Xst:2565 - Inout <ram1_data<35>> is never assigned.
WARNING:Xst:2565 - Inout <ram1_data<2>> is never assigned.
WARNING:Xst:2565 - Inout <user1<18>> is never assigned.
WARNING:Xst:2565 - Inout <user2<7>> is never assigned.
WARNING:Xst:2565 - Inout <user1<23>> is never assigned.
WARNING:Xst:2565 - Inout <ram0_data<22>> is never assigned.
WARNING:Xst:2565 - Inout <ram0_data<17>> is never assigned.
WARNING:Xst:2565 - Inout <ram1_data<3>> is never assigned.
WARNING:Xst:2565 - Inout <systemace_data<10>> is never assigned.
WARNING:Xst:2565 - Inout <user1<24>> is never assigned.
WARNING:Xst:2565 - Inout <user2<8>> is never assigned.
WARNING:Xst:2565 - Inout <user1<19>> is never assigned.
WARNING:Xst:2565 - Inout <ram0_data<23>> is never assigned.
WARNING:Xst:2565 - Inout <ram0_data<18>> is never assigned.
WARNING:Xst:647 - Input <ac97_sdata_in> is never used. This port will be preserved and left unconnected if it belongs to a top-level block or it belongs to a sub-block and the hierarchy of this sub-block is preserved.
WARNING:Xst:2565 - Inout <ram1_data<4>> is never assigned.
WARNING:Xst:2565 - Inout <systemace_data<11>> is never assigned.
WARNING:Xst:2565 - Inout <user1<25>> is never assigned.
WARNING:Xst:2565 - Inout <user2<9>> is never assigned.
WARNING:Xst:2565 - Inout <user1<30>> is never assigned.
WARNING:Xst:2565 - Inout <ram0_data<24>> is never assigned.
WARNING:Xst:2565 - Inout <ram0_data<19>> is never assigned.
WARNING:Xst:2565 - Inout <ram1_data<5>> is never assigned.
WARNING:Xst:2565 - Inout <systemace_data<12>> is never assigned.
WARNING:Xst:2565 - Inout <user1<26>> is never assigned.
WARNING:Xst:2565 - Inout <user1<31>> is never assigned.
WARNING:Xst:2565 - Inout <ram0_data<25>> is never assigned.
WARNING:Xst:2565 - Inout <ram0_data<30>> is never assigned.
WARNING:Xst:2565 - Inout <ram1_data<6>> is never assigned.
WARNING:Xst:2565 - Inout <systemace_data<13>> is never assigned.
WARNING:Xst:2565 - Inout <user1<27>> is never assigned.
WARNING:Xst:2565 - Inout <ram0_data<31>> is never assigned.
WARNING:Xst:2565 - Inout <ram0_data<26>> is never assigned.
WARNING:Xst:2565 - Inout <ram1_data<7>> is never assigned.
WARNING:Xst:2565 - Inout <systemace_data<14>> is never assigned.
WARNING:Xst:2565 - Inout <user1<28>> is never assigned.
WARNING:Xst:2565 - Inout <ram0_data<32>> is never assigned.
WARNING:Xst:2565 - Inout <ram0_data<27>> is never assigned.
WARNING:Xst:2565 - Inout <ram1_data<8>> is never assigned.
WARNING:Xst:2565 - Inout <systemace_data<15>> is never assigned.
WARNING:Xst:2565 - Inout <user1<29>> is never assigned.
WARNING:Xst:2565 - Inout <ram0_data<28>> is never assigned.
WARNING:Xst:2565 - Inout <ram0_data<33>> is never assigned.
WARNING:Xst:647 - Input <systemace_mpbrdy> is never used. This port will be preserved and left unconnected if it belongs to a top-level block or it belongs to a sub-block and the hierarchy of this sub-block is preserved.
WARNING:Xst:2565 - Inout <ram1_data<9>> is never assigned.
WARNING:Xst:647 - Input <button_right> is never used. This port will be preserved and left unconnected if it belongs to a top-level block or it belongs to a sub-block and the hierarchy of this sub-block is preserved.
WARNING:Xst:2565 - Inout <ram0_data<34>> is never assigned.
WARNING:Xst:2565 - Inout <ram0_data<29>> is never assigned.
WARNING:Xst:647 - Input <button_down> is never used. This port will be preserved and left unconnected if it belongs to a top-level block or it belongs to a sub-block and the hierarchy of this sub-block is preserved.
WARNING:Xst:2565 - Inout <ram0_data<35>> is never assigned.
WARNING:Xst:2565 - Inout <user3<10>> is never assigned.
WARNING:Xst:647 - Input <mouse_clock> is never used. This port will be preserved and left unconnected if it belongs to a top-level block or it belongs to a sub-block and the hierarchy of this sub-block is preserved.
WARNING:Xst:2565 - Inout <user3<11>> is never assigned.
WARNING:Xst:2565 - Inout <user3<12>> is never assigned.
WARNING:Xst:2565 - Inout <user3<13>> is never assigned.
WARNING:Xst:647 - Input <ac97_bit_clock> is never used. This port will be preserved and left unconnected if it belongs to a top-level block or it belongs to a sub-block and the hierarchy of this sub-block is preserved.
WARNING:Xst:2565 - Inout <user3<14>> is never assigned.
WARNING:Xst:2565 - Inout <user3<20>> is never assigned.
WARNING:Xst:2565 - Inout <user3<15>> is never assigned.
WARNING:Xst:2565 - Inout <user3<21>> is never assigned.
WARNING:Xst:2565 - Inout <user3<16>> is never assigned.
WARNING:Xst:2565 - Inout <user3<22>> is never assigned.
WARNING:Xst:2565 - Inout <user3<17>> is never assigned.
WARNING:Xst:2565 - Inout <user3<23>> is never assigned.
WARNING:Xst:2565 - Inout <user3<18>> is never assigned.
WARNING:Xst:2565 - Inout <user3<24>> is never assigned.
WARNING:Xst:2565 - Inout <user3<19>> is never assigned.
WARNING:Xst:2565 - Inout <user3<0>> is never assigned.
WARNING:Xst:647 - Input <button_up> is never used. This port will be preserved and left unconnected if it belongs to a top-level block or it belongs to a sub-block and the hierarchy of this sub-block is preserved.
WARNING:Xst:2565 - Inout <user3<30>> is never assigned.
WARNING:Xst:2565 - Inout <user3<25>> is never assigned.
WARNING:Xst:2565 - Inout <user3<1>> is never assigned.
WARNING:Xst:2565 - Inout <user3<26>> is never assigned.
WARNING:Xst:2565 - Inout <user3<31>> is never assigned.
WARNING:Xst:2565 - Inout <user3<2>> is never assigned.
WARNING:Xst:2565 - Inout <user3<27>> is never assigned.
WARNING:Xst:2565 - Inout <user3<3>> is never assigned.
WARNING:Xst:1780 - Signal <xclk> is never used or assigned. This unconnected signal will be trimmed during the optimization process.
WARNING:Xst:646 - Signal <vcount> is assigned but never used. This unconnected signal will be trimmed during the optimization process.
WARNING:Xst:646 - Signal <siod> is assigned but never used. This unconnected signal will be trimmed during the optimization process.
WARNING:Xst:646 - Signal <sioc> is assigned but never used. This unconnected signal will be trimmed during the optimization process.
WARNING:Xst:646 - Signal <hcount> is assigned but never used. This unconnected signal will be trimmed during the optimization process.
    Found 19-bit up counter for signal <addr_read_temp>.
    Found 19-bit comparator less for signal <addr_read_temp$cmp_lt0000> created at line 442.
    Summary:
	inferred   1 Counter(s).
	inferred   1 Comparator(s).
Unit <labkit> synthesized.

INFO:Xst:1767 - HDL ADVISOR - Resource sharing has identified that some arithmetic operations in this design can share the same physical resources for reduced device utilization. For improved clock frequency you may try to disable resource sharing.

=========================================================================
HDL Synthesis Report

Macro Statistics
# Adders/Subtractors                                   : 1
 19-bit adder                                          : 1
# Counters                                             : 5
 10-bit up counter                                     : 2
 19-bit up counter                                     : 2
 2-bit down counter                                    : 1
# Registers                                            : 46
 1-bit register                                        : 43
 19-bit register                                       : 1
 2-bit register                                        : 1
 8-bit register                                        : 1
# Comparators                                          : 2
 19-bit comparator less                                : 2
# Xors                                                 : 1
 1-bit xor2                                            : 1

=========================================================================

=========================================================================
*                       Advanced HDL Synthesis                          *
=========================================================================

Loading device for application Rf_Device from file '2v6000.nph' in environment /afs/csail.mit.edu/proj/redsocs/Xilinx10.1/ISE.
WARNING:Xst:2677 - Node <data_out_29> of sequential type is unconnected in block <read>.
WARNING:Xst:2677 - Node <data_out_31> of sequential type is unconnected in block <read>.
WARNING:Xst:2677 - Node <data_out_30> of sequential type is unconnected in block <read>.
WARNING:Xst:2677 - Node <data_out_28> of sequential type is unconnected in block <read>.
WARNING:Xst:2677 - Node <data_out_27> of sequential type is unconnected in block <read>.
WARNING:Xst:2677 - Node <data_out_26> of sequential type is unconnected in block <read>.
WARNING:Xst:2677 - Node <data_out_25> of sequential type is unconnected in block <read>.
WARNING:Xst:2677 - Node <data_out_24> of sequential type is unconnected in block <read>.
WARNING:Xst:2677 - Node <data_out_15> of sequential type is unconnected in block <read>.
WARNING:Xst:2677 - Node <data_out_14> of sequential type is unconnected in block <read>.
WARNING:Xst:2677 - Node <data_out_11> of sequential type is unconnected in block <read>.
WARNING:Xst:2677 - Node <data_out_13> of sequential type is unconnected in block <read>.
WARNING:Xst:2677 - Node <data_out_12> of sequential type is unconnected in block <read>.
WARNING:Xst:2677 - Node <data_out_10> of sequential type is unconnected in block <read>.
WARNING:Xst:2677 - Node <data_out_9> of sequential type is unconnected in block <read>.
WARNING:Xst:2677 - Node <data_out_8> of sequential type is unconnected in block <read>.
WARNING:Xst:2677 - Node <data_out_7> of sequential type is unconnected in block <read>.
WARNING:Xst:2677 - Node <data_out_6> of sequential type is unconnected in block <read>.
WARNING:Xst:2677 - Node <data_out_5> of sequential type is unconnected in block <read>.
WARNING:Xst:2677 - Node <data_out_2> of sequential type is unconnected in block <read>.
WARNING:Xst:2677 - Node <data_out_4> of sequential type is unconnected in block <read>.
WARNING:Xst:2677 - Node <data_out_3> of sequential type is unconnected in block <read>.
WARNING:Xst:2677 - Node <data_out_1> of sequential type is unconnected in block <read>.
WARNING:Xst:2677 - Node <data_out_0> of sequential type is unconnected in block <read>.

=========================================================================
Advanced HDL Synthesis Report

Macro Statistics
# Adders/Subtractors                                   : 1
 19-bit adder                                          : 1
# Counters                                             : 5
 10-bit up counter                                     : 2
 19-bit up counter                                     : 2
 2-bit down counter                                    : 1
# Registers                                            : 72
 Flip-Flops                                            : 72
# Comparators                                          : 2
 19-bit comparator less                                : 2
# Xors                                                 : 1
 1-bit xor2                                            : 1

=========================================================================

=========================================================================
*                         Low Level Synthesis                           *
=========================================================================

ERROR:Xst:528 - Multi-source in Unit <labkit> on signal <Mcount_addr_read_temp_cy<0>>; this signal is connected to multiple drivers.
Drivers are: 
   Output signal of FDR instance <addr_read_temp_0>
   Signal <addr_read_temp<0>> in Unit <labkit> is assigned to GND

ERROR:Xst:528 - Multi-source in Unit <labkit> on signal <Mcount_addr_read_temp2>; this signal is connected to multiple drivers.
Drivers are: 
   Output signal of FDR instance <addr_read_temp_1>
   Signal <addr_read_temp<1>> in Unit <labkit> is assigned to GND

ERROR:Xst:528 - Multi-source in Unit <labkit> on signal <Mcount_addr_read_temp4>; this signal is connected to multiple drivers.
Drivers are: 
   Output signal of FDR instance <addr_read_temp_2>
   Signal <addr_read_temp<2>> in Unit <labkit> is assigned to GND

ERROR:Xst:528 - Multi-source in Unit <labkit> on signal <Mcount_addr_read_temp6>; this signal is connected to multiple drivers.
Drivers are: 
   Output signal of FDR instance <addr_read_temp_3>
   Signal <addr_read_temp<3>> in Unit <labkit> is assigned to GND

ERROR:Xst:528 - Multi-source in Unit <labkit> on signal <Mcount_addr_read_temp8>; this signal is connected to multiple drivers.
Drivers are: 
   Output signal of FDR instance <addr_read_temp_4>
   Signal <addr_read_temp<4>> in Unit <labkit> is assigned to GND

ERROR:Xst:528 - Multi-source in Unit <labkit> on signal <Mcount_addr_read_temp10>; this signal is connected to multiple drivers.
Drivers are: 
   Output signal of FDR instance <addr_read_temp_5>
   Signal <addr_read_temp<5>> in Unit <labkit> is assigned to GND

ERROR:Xst:528 - Multi-source in Unit <labkit> on signal <Mcount_addr_read_temp12>; this signal is connected to multiple drivers.
Drivers are: 
   Output signal of FDR instance <addr_read_temp_6>
   Signal <addr_read_temp<6>> in Unit <labkit> is assigned to GND

ERROR:Xst:528 - Multi-source in Unit <labkit> on signal <Mcount_addr_read_temp14>; this signal is connected to multiple drivers.
Drivers are: 
   Output signal of FDR instance <addr_read_temp_7>
   Signal <addr_read_temp<7>> in Unit <labkit> is assigned to GND

ERROR:Xst:528 - Multi-source in Unit <labkit> on signal <Mcount_addr_read_temp16>; this signal is connected to multiple drivers.
Drivers are: 
   Output signal of FDR instance <addr_read_temp_8>
   Signal <addr_read_temp<8>> in Unit <labkit> is assigned to GND

ERROR:Xst:528 - Multi-source in Unit <labkit> on signal <Mcount_addr_read_temp18>; this signal is connected to multiple drivers.
Drivers are: 
   Output signal of FDR instance <addr_read_temp_9>
   Signal <addr_read_temp<9>> in Unit <labkit> is assigned to GND

ERROR:Xst:528 - Multi-source in Unit <labkit> on signal <Mcount_addr_read_temp20>; this signal is connected to multiple drivers.
Drivers are: 
   Output signal of FDR instance <addr_read_temp_10>
   Signal <addr_read_temp<10>> in Unit <labkit> is assigned to GND

ERROR:Xst:528 - Multi-source in Unit <labkit> on signal <Mcount_addr_read_temp22>; this signal is connected to multiple drivers.
Drivers are: 
   Output signal of FDR instance <addr_read_temp_11>
   Signal <addr_read_temp<11>> in Unit <labkit> is assigned to GND

ERROR:Xst:528 - Multi-source in Unit <labkit> on signal <Mcount_addr_read_temp24>; this signal is connected to multiple drivers.
Drivers are: 
   Output signal of FDR instance <addr_read_temp_12>
   Signal <addr_read_temp<12>> in Unit <labkit> is assigned to GND

ERROR:Xst:528 - Multi-source in Unit <labkit> on signal <Mcount_addr_read_temp26>; this signal is connected to multiple drivers.
Drivers are: 
   Output signal of FDR instance <addr_read_temp_13>
   Signal <addr_read_temp<13>> in Unit <labkit> is assigned to GND

ERROR:Xst:528 - Multi-source in Unit <labkit> on signal <Mcount_addr_read_temp28>; this signal is connected to multiple drivers.
Drivers are: 
   Output signal of FDR instance <addr_read_temp_14>
   Signal <addr_read_temp<14>> in Unit <labkit> is assigned to GND

ERROR:Xst:528 - Multi-source in Unit <labkit> on signal <Mcount_addr_read_temp30>; this signal is connected to multiple drivers.
Drivers are: 
   Output signal of FDR instance <addr_read_temp_15>
   Signal <addr_read_temp<15>> in Unit <labkit> is assigned to GND

ERROR:Xst:528 - Multi-source in Unit <labkit> on signal <Mcount_addr_read_temp32>; this signal is connected to multiple drivers.
Drivers are: 
   Output signal of FDR instance <addr_read_temp_16>
   Signal <addr_read_temp<16>> in Unit <labkit> is assigned to GND

ERROR:Xst:528 - Multi-source in Unit <labkit> on signal <Mcount_addr_read_temp34>; this signal is connected to multiple drivers.
Drivers are: 
   Output signal of FDR instance <addr_read_temp_17>
   Signal <addr_read_temp<17>> in Unit <labkit> is assigned to GND

ERROR:Xst:528 - Multi-source in Unit <labkit> on signal <Mcount_addr_read_temp36>; this signal is connected to multiple drivers.
Drivers are: 
   Output signal of FDR instance <addr_read_temp_18>
   Signal <addr_read_temp<18>> in Unit <labkit> is assigned to GND


Total REAL time to Xst completion: 4.00 secs
Total CPU time to Xst completion: 3.86 secs
 
--> 


Total memory usage is 450400 kilobytes

Number of errors   :   19 (   0 filtered)
Number of warnings :  331 (   0 filtered)
Number of infos    :   28 (   0 filtered)

