Release 10.1.03 Map K.39 (lin64)
Xilinx Mapping Report File for Design 'hardware_interface'

Design Information
------------------
Command Line   : map -ise
/home/wbraun/laser_pinball/laser/Beta_hardware/laser_projector/laser_projector.i
se -intstyle ise -p xc5vlx50t-ff1136-3 -w -logic_opt off -ol high -t 1 -cm area
-pr off -k 6 -lc off -power off -o hardware_interface_map.ncd
hardware_interface.ngd hardware_interface.pcf 
Target Device  : xc5vlx50t
Target Package : ff1136
Target Speed   : -3
Mapper Version : virtex5 -- $Revision: 1.46.12.2 $
Mapped Date    : Sat Nov 29 22:53:37 2014

Design Summary
--------------
Number of errors:      0
Number of warnings:   52
Slice Logic Utilization:
  Number of Slice Registers:                   892 out of  28,800    3%
    Number used as Flip Flops:                 892
  Number of Slice LUTs:                      2,614 out of  28,800    9%
    Number used as logic:                    2,474 out of  28,800    8%
      Number using O6 output only:           2,356
      Number using O5 output only:              56
      Number using O5 and O6:                   62
    Number used as Memory:                     136 out of   7,680    1%
      Number used as Dual Port RAM:            136
        Number using O6 output only:             8
        Number using O5 and O6:                128
    Number used as exclusive route-thru:         4
  Number of route-thrus:                        60 out of  57,600    1%
    Number using O6 output only:                58
    Number using O5 and O6:                      2

Slice Logic Distribution:
  Number of occupied Slices:                   992 out of   7,200   13%
  Number of LUT Flip Flop pairs used:        2,744
    Number with an unused Flip Flop:         1,852 out of   2,744   67%
    Number with an unused LUT:                 130 out of   2,744    4%
    Number of fully used LUT-FF pairs:         762 out of   2,744   27%
    Number of unique control sets:              24
    Number of slice register sites lost
      to control set restrictions:              44 out of  28,800    1%

  A LUT Flip Flop pair for this architecture represents one LUT paired with
  one Flip Flop within a slice.  A control set is a unique combination of
  clock, reset, set, and enable signals for a registered element.
  The Slice Logic Distribution report is not meaningful if the design is
  over-mapped for a non-slice resource or if Placement fails.

IO Utilization:
  Number of bonded IOBs:                        76 out of     480   15%

Specific Feature Utilization:
  Number of BlockRAM/FIFO:                      30 out of      60   50%
    Number using BlockRAM only:                 30
    Total primitives used:
      Number of 36k BlockRAM used:              28
      Number of 18k BlockRAM used:               4
    Total Memory used (KB):                  1,080 out of   2,160   50%
  Number of BUFG/BUFGCTRLs:                      2 out of      32    6%
    Number used as BUFGs:                        2

Peak Memory Usage:  806 MB
Total REAL time to MAP completion:  1 mins 37 secs 
Total CPU time to MAP completion:   1 mins 29 secs 

Table of Contents
-----------------
Section 1 - Errors
Section 2 - Warnings
Section 3 - Informational
Section 4 - Removed Logic Summary
Section 5 - Removed Logic
Section 6 - IOB Properties
Section 7 - RPMs
Section 8 - Guide Report
Section 9 - Area Group and Partition Summary
Section 10 - Modular Design Summary
Section 11 - Timing Report
Section 12 - Configuration String Information
Section 13 - Control Set Information
Section 14 - Utilization by Hierarchy

Section 1 - Errors
------------------

Section 2 - Warnings
--------------------
WARNING:LIT:243 - Logical network AUDIO_SDATA_IN_IBUF has no load.
WARNING:LIT:395 - The above warning message base_net_load_rule is repeated 13
   more times for the following (max. 5 shown):
   CLK_27MHZ_FPGA_IBUF,
   best_hazor/cpu_physics/rf/Mram_regfile_ren_161/SPO,
   best_hazor/cpu_physics/rf/Mram_regfile_ren62/SPO,
   best_hazor/cpu_physics/rf/Mram_regfile_ren_162/SPO,
   best_hazor/cpu_physics/rf/Mram_regfile_ren61/SPO
   To see the details of these warning messages, please use the -detail switch.
WARNING:PhysDesignRules:368 - The signal <AUDIO_SYNC_OBUF> is incomplete. The
   signal is not driven by any source pin in the design.
WARNING:PhysDesignRules:368 - The signal <DVI_GPIO1_OBUF> is incomplete. The
   signal is not driven by any source pin in the design.
WARNING:PhysDesignRules:368 - The signal <DVI_RESET_B_OBUF> is incomplete. The
   signal is not driven by any source pin in the design.
WARNING:PhysDesignRules:367 - The signal <CLK_27MHZ_FPGA_IBUF> is incomplete.
   The signal does not drive any load pins in the design.
WARNING:PhysDesignRules:368 - The signal <DVI_H_OBUF> is incomplete. The signal
   is not driven by any source pin in the design.
WARNING:PhysDesignRules:368 - The signal <DVI_V_OBUF> is incomplete. The signal
   is not driven by any source pin in the design.
WARNING:PhysDesignRules:368 - The signal <DVI_D10_OBUF> is incomplete. The
   signal is not driven by any source pin in the design.
WARNING:PhysDesignRules:368 - The signal <DVI_D11_OBUF> is incomplete. The
   signal is not driven by any source pin in the design.
WARNING:PhysDesignRules:367 - The signal <AUDIO_SDATA_IN_IBUF> is incomplete.
   The signal does not drive any load pins in the design.
WARNING:PhysDesignRules:368 - The signal <AUDIO_BIT_CLK_OBUF> is incomplete. The
   signal is not driven by any source pin in the design.
WARNING:PhysDesignRules:368 - The signal <DVI_XCLK_N_OBUF> is incomplete. The
   signal is not driven by any source pin in the design.
WARNING:PhysDesignRules:368 - The signal <DVI_XCLK_P_OBUF> is incomplete. The
   signal is not driven by any source pin in the design.
WARNING:PhysDesignRules:368 - The signal <DVI_D0_OBUF> is incomplete. The signal
   is not driven by any source pin in the design.
WARNING:PhysDesignRules:368 - The signal <DVI_D1_OBUF> is incomplete. The signal
   is not driven by any source pin in the design.
WARNING:PhysDesignRules:368 - The signal <DVI_D2_OBUF> is incomplete. The signal
   is not driven by any source pin in the design.
WARNING:PhysDesignRules:368 - The signal <DVI_D3_OBUF> is incomplete. The signal
   is not driven by any source pin in the design.
WARNING:PhysDesignRules:368 - The signal <DVI_D4_OBUF> is incomplete. The signal
   is not driven by any source pin in the design.
WARNING:PhysDesignRules:368 - The signal <DVI_D5_OBUF> is incomplete. The signal
   is not driven by any source pin in the design.
WARNING:PhysDesignRules:368 - The signal <DVI_D6_OBUF> is incomplete. The signal
   is not driven by any source pin in the design.
WARNING:PhysDesignRules:368 - The signal <DVI_D7_OBUF> is incomplete. The signal
   is not driven by any source pin in the design.
WARNING:PhysDesignRules:368 - The signal <DVI_D8_OBUF> is incomplete. The signal
   is not driven by any source pin in the design.
WARNING:PhysDesignRules:368 - The signal <DVI_D9_OBUF> is incomplete. The signal
   is not driven by any source pin in the design.
WARNING:PhysDesignRules:368 - The signal <DVI_DE_OBUF> is incomplete. The signal
   is not driven by any source pin in the design.
WARNING:PhysDesignRules:368 - The signal <HDR1_20_OBUF> is incomplete. The
   signal is not driven by any source pin in the design.
WARNING:PhysDesignRules:368 - The signal <HDR1_30_OBUF> is incomplete. The
   signal is not driven by any source pin in the design.
WARNING:PhysDesignRules:368 - The signal <HDR1_22_OBUF> is incomplete. The
   signal is not driven by any source pin in the design.
WARNING:PhysDesignRules:368 - The signal <HDR1_40_OBUF> is incomplete. The
   signal is not driven by any source pin in the design.
WARNING:PhysDesignRules:368 - The signal <HDR1_32_OBUF> is incomplete. The
   signal is not driven by any source pin in the design.
WARNING:PhysDesignRules:368 - The signal <HDR1_24_OBUF> is incomplete. The
   signal is not driven by any source pin in the design.
WARNING:PhysDesignRules:368 - The signal <HDR1_16_OBUF> is incomplete. The
   signal is not driven by any source pin in the design.
WARNING:PhysDesignRules:368 - The signal <HDR1_50_OBUF> is incomplete. The
   signal is not driven by any source pin in the design.
WARNING:PhysDesignRules:368 - The signal <HDR1_42_OBUF> is incomplete. The
   signal is not driven by any source pin in the design.
WARNING:PhysDesignRules:368 - The signal <HDR1_34_OBUF> is incomplete. The
   signal is not driven by any source pin in the design.
WARNING:PhysDesignRules:368 - The signal <HDR1_26_OBUF> is incomplete. The
   signal is not driven by any source pin in the design.
WARNING:PhysDesignRules:368 - The signal <HDR1_18_OBUF> is incomplete. The
   signal is not driven by any source pin in the design.
WARNING:PhysDesignRules:368 - The signal <HDR1_60_OBUF> is incomplete. The
   signal is not driven by any source pin in the design.
WARNING:PhysDesignRules:368 - The signal <HDR1_52_OBUF> is incomplete. The
   signal is not driven by any source pin in the design.
WARNING:PhysDesignRules:368 - The signal <HDR1_44_OBUF> is incomplete. The
   signal is not driven by any source pin in the design.
WARNING:PhysDesignRules:368 - The signal <HDR1_36_OBUF> is incomplete. The
   signal is not driven by any source pin in the design.
WARNING:PhysDesignRules:368 - The signal <HDR1_28_OBUF> is incomplete. The
   signal is not driven by any source pin in the design.
WARNING:PhysDesignRules:368 - The signal <HDR1_62_OBUF> is incomplete. The
   signal is not driven by any source pin in the design.
WARNING:PhysDesignRules:368 - The signal <HDR1_54_OBUF> is incomplete. The
   signal is not driven by any source pin in the design.
WARNING:PhysDesignRules:368 - The signal <HDR1_46_OBUF> is incomplete. The
   signal is not driven by any source pin in the design.
WARNING:PhysDesignRules:368 - The signal <HDR1_38_OBUF> is incomplete. The
   signal is not driven by any source pin in the design.
WARNING:PhysDesignRules:368 - The signal <HDR1_64_OBUF> is incomplete. The
   signal is not driven by any source pin in the design.
WARNING:PhysDesignRules:368 - The signal <HDR1_56_OBUF> is incomplete. The
   signal is not driven by any source pin in the design.
WARNING:PhysDesignRules:368 - The signal <HDR1_48_OBUF> is incomplete. The
   signal is not driven by any source pin in the design.
WARNING:PhysDesignRules:368 - The signal <HDR1_58_OBUF> is incomplete. The
   signal is not driven by any source pin in the design.
WARNING:PhysDesignRules:368 - The signal <AUDIO_SDATA_OUT_OBUF> is incomplete.
   The signal is not driven by any source pin in the design.

Section 3 - Informational
-------------------------
INFO:MapLib:562 - No environment variables are currently set.
INFO:LIT:244 - All of the single ended outputs in this design are using slew
   rate limited output drivers. The delay on speed critical single ended outputs
   can be dramatically reduced by designating them as fast outputs.
INFO:Pack:1716 - Initializing temperature to 85.000 Celsius. (default - Range:
   0.000 to 85.000 Celsius)
INFO:Pack:1720 - Initializing voltage to 0.950 Volts. (default - Range: 0.950 to
   1.050 Volts)
INFO:Map:215 - The Interim Design Summary has been generated in the MAP Report
   (.mrp).
INFO:Pack:1650 - Map created a placed design.

Section 4 - Removed Logic Summary
---------------------------------
   8 block(s) removed
  10 block(s) optimized away

Section 5 - Removed Logic
-------------------------
Unused block "best_hazor/laser_beta_ram/GND" (ZERO) removed.
Unused block "best_hazor/laser_beta_ram/VCC" (ONE) removed.
Unused block "best_hazor/laser_shared_memory/shared_ram/GND" (ZERO) removed.
Unused block "best_hazor/laser_shared_memory/shared_ram/VCC" (ONE) removed.
Unused block "best_hazor/physics_beta_ram/GND" (ZERO) removed.
Unused block "best_hazor/physics_beta_ram/VCC" (ONE) removed.
Unused block "best_hazor/physics_shared_memory/shared_ram/GND" (ZERO) removed.
Unused block "best_hazor/physics_shared_memory/shared_ram/VCC" (ONE) removed.

Optimized Block(s):
TYPE 		BLOCK
GND 		XST_GND
VCC 		XST_VCC
GND 		best_hazor/laser_beta_ram/BU2/XST_GND
VCC 		best_hazor/laser_beta_ram/BU2/XST_VCC
GND 		best_hazor/laser_shared_memory/shared_ram/BU2/XST_GND
VCC 		best_hazor/laser_shared_memory/shared_ram/BU2/XST_VCC
GND 		best_hazor/physics_beta_ram/BU2/XST_GND
VCC 		best_hazor/physics_beta_ram/BU2/XST_VCC
GND 		best_hazor/physics_shared_memory/shared_ram/BU2/XST_GND
VCC 		best_hazor/physics_shared_memory/shared_ram/BU2/XST_VCC

To enable printing of redundant blocks removed and signals merged, set the
detailed map report option and rerun map.

Section 6 - IOB Properties
--------------------------

+-------------------------------------------------------------------------------------------------------------------------------------------------+
| IOB Name                           | Type             | Direction | IO Standard          | Drive    | Slew | Reg (s)      | Resistor | IOB      |
|                                    |                  |           |                      | Strength | Rate |              |          | Delay    |
+-------------------------------------------------------------------------------------------------------------------------------------------------+
| AUDIO_BIT_CLK                      | IOB              | OUTPUT    | LVCMOS25             | 12       | SLOW |              |          |          |
| AUDIO_SDATA_IN                     | IOB              | INPUT     | LVCMOS25             |          |      |              |          |          |
| AUDIO_SDATA_OUT                    | IOB              | OUTPUT    | LVCMOS25             | 12       | SLOW |              |          |          |
| AUDIO_SYNC                         | IOB              | OUTPUT    | LVCMOS25             | 12       | SLOW |              |          |          |
| CLK_27MHZ_FPGA                     | IOB              | INPUT     | LVCMOS25             |          |      |              |          |          |
| DVI_D0                             | IOB              | OUTPUT    | LVCMOS25             | 12       | SLOW |              |          |          |
| DVI_D1                             | IOB              | OUTPUT    | LVCMOS25             | 12       | SLOW |              |          |          |
| DVI_D2                             | IOB              | OUTPUT    | LVCMOS25             | 12       | SLOW |              |          |          |
| DVI_D3                             | IOB              | OUTPUT    | LVCMOS25             | 12       | SLOW |              |          |          |
| DVI_D4                             | IOB              | OUTPUT    | LVCMOS25             | 12       | SLOW |              |          |          |
| DVI_D5                             | IOB              | OUTPUT    | LVCMOS25             | 12       | SLOW |              |          |          |
| DVI_D6                             | IOB              | OUTPUT    | LVCMOS25             | 12       | SLOW |              |          |          |
| DVI_D7                             | IOB              | OUTPUT    | LVCMOS25             | 12       | SLOW |              |          |          |
| DVI_D8                             | IOB              | OUTPUT    | LVCMOS25             | 12       | SLOW |              |          |          |
| DVI_D9                             | IOB              | OUTPUT    | LVCMOS25             | 12       | SLOW |              |          |          |
| DVI_D10                            | IOB              | OUTPUT    | LVCMOS25             | 12       | SLOW |              |          |          |
| DVI_D11                            | IOB              | OUTPUT    | LVCMOS25             | 12       | SLOW |              |          |          |
| DVI_DE                             | IOB              | OUTPUT    | LVCMOS25             | 12       | SLOW |              |          |          |
| DVI_GPIO1                          | IOB              | OUTPUT    | LVCMOS25             | 12       | SLOW |              |          |          |
| DVI_H                              | IOB              | OUTPUT    | LVCMOS25             | 12       | SLOW |              |          |          |
| DVI_RESET_B                        | IOB              | OUTPUT    | LVCMOS25             | 12       | SLOW |              |          |          |
| DVI_V                              | IOB              | OUTPUT    | LVCMOS25             | 12       | SLOW |              |          |          |
| DVI_XCLK_N                         | IOB              | OUTPUT    | LVCMOS25             | 12       | SLOW |              |          |          |
| DVI_XCLK_P                         | IOB              | OUTPUT    | LVCMOS25             | 12       | SLOW |              |          |          |
| GPIO_DIP_SW1                       | IOB              | INPUT     | LVCMOS25             |          |      |              |          |          |
| GPIO_DIP_SW2                       | IOB              | INPUT     | LVCMOS25             |          |      |              |          |          |
| GPIO_DIP_SW3                       | IOB              | INPUT     | LVCMOS25             |          |      |              |          |          |
| GPIO_DIP_SW4                       | IOB              | INPUT     | LVCMOS25             |          |      |              |          |          |
| GPIO_DIP_SW5                       | IOB              | INPUT     | LVCMOS25             |          |      |              |          |          |
| GPIO_DIP_SW6                       | IOB              | INPUT     | LVCMOS25             |          |      |              |          |          |
| GPIO_DIP_SW7                       | IOB              | INPUT     | LVCMOS25             |          |      |              |          |          |
| GPIO_DIP_SW8                       | IOB              | INPUT     | LVCMOS25             |          |      |              |          |          |
| GPIO_LED_0                         | IOB              | OUTPUT    | LVCMOS25             | 12       | SLOW |              |          |          |
| GPIO_LED_1                         | IOB              | OUTPUT    | LVCMOS25             | 12       | SLOW |              |          |          |
| GPIO_LED_2                         | IOB              | OUTPUT    | LVCMOS25             | 12       | SLOW |              |          |          |
| GPIO_LED_3                         | IOB              | OUTPUT    | LVCMOS25             | 12       | SLOW |              |          |          |
| GPIO_LED_4                         | IOB              | OUTPUT    | LVCMOS25             | 12       | SLOW |              |          |          |
| GPIO_LED_5                         | IOB              | OUTPUT    | LVCMOS25             | 12       | SLOW |              |          |          |
| GPIO_LED_6                         | IOB              | OUTPUT    | LVCMOS25             | 12       | SLOW |              |          |          |
| GPIO_LED_7                         | IOB              | OUTPUT    | LVCMOS25             | 12       | SLOW |              |          |          |
| GPIO_SW_C                          | IOB              | INPUT     | LVCMOS25             |          |      |              |          |          |
| GPIO_SW_E                          | IOB              | INPUT     | LVCMOS25             |          |      |              |          |          |
| GPIO_SW_W                          | IOB              | INPUT     | LVCMOS25             |          |      |              |          |          |
| HDR1_2                             | IOB              | OUTPUT    | LVCMOS25             | 12       | SLOW |              |          |          |
| HDR1_4                             | IOB              | OUTPUT    | LVCMOS25             | 12       | SLOW |              |          |          |
| HDR1_6                             | IOB              | OUTPUT    | LVCMOS25             | 12       | SLOW |              |          |          |
| HDR1_8                             | IOB              | OUTPUT    | LVCMOS25             | 12       | SLOW |              |          |          |
| HDR1_10                            | IOB              | OUTPUT    | LVCMOS25             | 12       | SLOW |              |          |          |
| HDR1_12                            | IOB              | OUTPUT    | LVCMOS25             | 12       | SLOW |              |          |          |
| HDR1_14                            | IOB              | OUTPUT    | LVCMOS25             | 12       | SLOW |              |          |          |
| HDR1_16                            | IOB              | OUTPUT    | LVCMOS25             | 12       | SLOW |              |          |          |
| HDR1_18                            | IOB              | OUTPUT    | LVCMOS25             | 12       | SLOW |              |          |          |
| HDR1_20                            | IOB              | OUTPUT    | LVCMOS25             | 12       | SLOW |              |          |          |
| HDR1_22                            | IOB              | OUTPUT    | LVCMOS25             | 12       | SLOW |              |          |          |
| HDR1_24                            | IOB              | OUTPUT    | LVCMOS25             | 12       | SLOW |              |          |          |
| HDR1_26                            | IOB              | OUTPUT    | LVCMOS25             | 12       | SLOW |              |          |          |
| HDR1_28                            | IOB              | OUTPUT    | LVCMOS25             | 12       | SLOW |              |          |          |
| HDR1_30                            | IOB              | OUTPUT    | LVCMOS25             | 12       | SLOW |              |          |          |
| HDR1_32                            | IOB              | OUTPUT    | LVCMOS25             | 12       | SLOW |              |          |          |
| HDR1_34                            | IOB              | OUTPUT    | LVCMOS25             | 12       | SLOW |              |          |          |
| HDR1_36                            | IOB              | OUTPUT    | LVCMOS25             | 12       | SLOW |              |          |          |
| HDR1_38                            | IOB              | OUTPUT    | LVCMOS25             | 12       | SLOW |              |          |          |
| HDR1_40                            | IOB              | OUTPUT    | LVCMOS25             | 12       | SLOW |              |          |          |
| HDR1_42                            | IOB              | OUTPUT    | LVCMOS25             | 12       | SLOW |              |          |          |
| HDR1_44                            | IOB              | OUTPUT    | LVCMOS25             | 12       | SLOW |              |          |          |
| HDR1_46                            | IOB              | OUTPUT    | LVCMOS25             | 12       | SLOW |              |          |          |
| HDR1_48                            | IOB              | OUTPUT    | LVCMOS25             | 12       | SLOW |              |          |          |
| HDR1_50                            | IOB              | OUTPUT    | LVCMOS25             | 12       | SLOW |              |          |          |
| HDR1_52                            | IOB              | OUTPUT    | LVCMOS25             | 12       | SLOW |              |          |          |
| HDR1_54                            | IOB              | OUTPUT    | LVCMOS25             | 12       | SLOW |              |          |          |
| HDR1_56                            | IOB              | OUTPUT    | LVCMOS25             | 12       | SLOW |              |          |          |
| HDR1_58                            | IOB              | OUTPUT    | LVCMOS25             | 12       | SLOW |              |          |          |
| HDR1_60                            | IOB              | OUTPUT    | LVCMOS25             | 12       | SLOW |              |          |          |
| HDR1_62                            | IOB              | OUTPUT    | LVCMOS25             | 12       | SLOW |              |          |          |
| HDR1_64                            | IOB              | OUTPUT    | LVCMOS25             | 12       | SLOW |              |          |          |
| USER_CLK                           | IOB              | INPUT     | LVCMOS25             |          |      |              |          |          |
+-------------------------------------------------------------------------------------------------------------------------------------------------+

Section 7 - RPMs
----------------

Section 8 - Guide Report
------------------------
Guide not run on this design.

Section 9 - Area Group and Partition Summary
--------------------------------------------

Partition Implementation Status
-------------------------------

  No Partitions were found in this design.

-------------------------------

Area Group Information
----------------------

  No area groups were found in this design.

----------------------

Section 10 - Modular Design Summary
-----------------------------------
Modular Design not used for this design.

Section 11 - Timing Report
--------------------------
A logic-level (pre-route) timing report can be generated by using Xilinx static
timing analysis tools, Timing Analyzer (GUI) or TRCE (command line), with the
mapped NCD and PCF files. Please note that this timing report will be generated
using estimated delay information. For accurate numbers, please generate a
timing report with the post Place and Route NCD file.

For more information about the Timing Analyzer, consult the Xilinx Timing
Analyzer Reference Manual; for more information about TRCE, consult the Xilinx
Development System Reference Guide "TRACE" chapter.

Section 12 - Configuration String Details
-----------------------------------------
Use the "-detail" map option to print out Configuration Strings

Section 13 - Control Set Information
------------------------------------
Use the "-detail" map option to print out Control Set Information.

Section 14 - Utilization by Hierarchy
-------------------------------------
+--------------------------------------------------------------------------------------------------------------------------------------------------------------------------------------------------------------------------------------------------------------------------------------------------------+
| Module                       | Partition | Slices*       | Slice Reg     | LUTs          | LUTRAM        | BRAM/FIFO | DSP48E  | BUFG  | BUFIO | BUFR  | DCM   | PLL   | Full Hierarchical Name                                                                                                        |
+--------------------------------------------------------------------------------------------------------------------------------------------------------------------------------------------------------------------------------------------------------------------------------------------------------+
| hardware_interface/          |           | 80/1298       | 1/892         | 181/2614      | 120/136       | 0/30      | 0/0     | 2/2   | 0/0   | 0/0   | 0/0   | 0/0   | hardware_interface                                                                                                            |
| +best_hazor                  |           | 9/1218        | 0/891         | 9/2433        | 0/16          | 0/30      | 0/0     | 0/0   | 0/0   | 0/0   | 0/0   | 0/0   | hardware_interface/best_hazor                                                                                                 |
| ++cpu_laser                  |           | 237/295       | 97/100        | 515/587       | 0/8           | 0/0       | 0/0     | 0/0   | 0/0   | 0/0   | 0/0   | 0/0   | hardware_interface/best_hazor/cpu_laser                                                                                       |
| +++ctl                       |           | 18/18         | 3/3           | 21/21         | 0/0           | 0/0       | 0/0     | 0/0   | 0/0   | 0/0   | 0/0   | 0/0   | hardware_interface/best_hazor/cpu_laser/ctl                                                                                   |
| +++rf                        |           | 4/4           | 0/0           | 10/10         | 8/8           | 0/0       | 0/0     | 0/0   | 0/0   | 0/0   | 0/0   | 0/0   | hardware_interface/best_hazor/cpu_laser/rf                                                                                    |
| +++sr                        |           | 36/36         | 0/0           | 41/41         | 0/0           | 0/0       | 0/0     | 0/0   | 0/0   | 0/0   | 0/0   | 0/0   | hardware_interface/best_hazor/cpu_laser/sr                                                                                    |
| ++cpu_physics                |           | 257/325       | 97/100        | 528/611       | 0/8           | 0/0       | 0/0     | 0/0   | 0/0   | 0/0   | 0/0   | 0/0   | hardware_interface/best_hazor/cpu_physics                                                                                     |
| +++ctl                       |           | 24/24         | 3/3           | 29/29         | 0/0           | 0/0       | 0/0     | 0/0   | 0/0   | 0/0   | 0/0   | 0/0   | hardware_interface/best_hazor/cpu_physics/ctl                                                                                 |
| +++rf                        |           | 4/4           | 0/0           | 10/10         | 8/8           | 0/0       | 0/0     | 0/0   | 0/0   | 0/0   | 0/0   | 0/0   | hardware_interface/best_hazor/cpu_physics/rf                                                                                  |
| +++sr                        |           | 40/40         | 0/0           | 44/44         | 0/0           | 0/0       | 0/0     | 0/0   | 0/0   | 0/0   | 0/0   | 0/0   | hardware_interface/best_hazor/cpu_physics/sr                                                                                  |
| ++laser_beta_IO              |           | 104/155       | 193/246       | 168/292       | 0/0           | 0/0       | 0/0     | 0/0   | 0/0   | 0/0   | 0/0   | 0/0   | hardware_interface/best_hazor/laser_beta_IO                                                                                   |
| +++beta_spi                  |           | 27/27         | 19/19         | 51/51         | 0/0           | 0/0       | 0/0     | 0/0   | 0/0   | 0/0   | 0/0   | 0/0   | hardware_interface/best_hazor/laser_beta_IO/beta_spi                                                                          |
| +++beta_timer1               |           | 24/24         | 34/34         | 73/73         | 0/0           | 0/0       | 0/0     | 0/0   | 0/0   | 0/0   | 0/0   | 0/0   | hardware_interface/best_hazor/laser_beta_IO/beta_timer1                                                                       |
| ++laser_beta_ram             |           | 0/27          | 0/2           | 0/31          | 0/0           | 0/15      | 0/0     | 0/0   | 0/0   | 0/0   | 0/0   | 0/0   | hardware_interface/best_hazor/laser_beta_ram                                                                                  |
| +++BU2                       |           | 0/27          | 0/2           | 0/31          | 0/0           | 0/15      | 0/0     | 0/0   | 0/0   | 0/0   | 0/0   | 0/0   | hardware_interface/best_hazor/laser_beta_ram/BU2                                                                              |
| ++++U0                       |           | 0/27          | 0/2           | 0/31          | 0/0           | 0/15      | 0/0     | 0/0   | 0/0   | 0/0   | 0/0   | 0/0   | hardware_interface/best_hazor/laser_beta_ram/BU2/U0                                                                           |
| +++++blk_mem_generator       |           | 0/27          | 0/2           | 0/31          | 0/0           | 0/15      | 0/0     | 0/0   | 0/0   | 0/0   | 0/0   | 0/0   | hardware_interface/best_hazor/laser_beta_ram/BU2/U0/blk_mem_generator                                                         |
| ++++++valid.cstr             |           | 0/27          | 0/2           | 0/31          | 0/0           | 0/15      | 0/0     | 0/0   | 0/0   | 0/0   | 0/0   | 0/0   | hardware_interface/best_hazor/laser_beta_ram/BU2/U0/blk_mem_generator/valid.cstr                                              |
| +++++++bindec_a.bindec_inst_ |           | 4/4           | 0/0           | 4/4           | 0/0           | 0/0       | 0/0     | 0/0   | 0/0   | 0/0   | 0/0   | 0/0   | hardware_interface/best_hazor/laser_beta_ram/BU2/U0/blk_mem_generator/valid.cstr/bindec_a.bindec_inst_a                       |
| +++++++has_mux_a.A           |           | 23/23         | 2/2           | 27/27         | 0/0           | 0/0       | 0/0     | 0/0   | 0/0   | 0/0   | 0/0   | 0/0   | hardware_interface/best_hazor/laser_beta_ram/BU2/U0/blk_mem_generator/valid.cstr/has_mux_a.A                                  |
| +++++++ramloop[0].ram.r      |           | 0/0           | 0/0           | 0/0           | 0/0           | 0/1       | 0/0     | 0/0   | 0/0   | 0/0   | 0/0   | 0/0   | hardware_interface/best_hazor/laser_beta_ram/BU2/U0/blk_mem_generator/valid.cstr/ramloop[0].ram.r                             |
| ++++++++v5_init.ram          |           | 0/0           | 0/0           | 0/0           | 0/0           | 1/1       | 0/0     | 0/0   | 0/0   | 0/0   | 0/0   | 0/0   | hardware_interface/best_hazor/laser_beta_ram/BU2/U0/blk_mem_generator/valid.cstr/ramloop[0].ram.r/v5_init.ram                 |
| +++++++ramloop[10].ram.r     |           | 0/0           | 0/0           | 0/0           | 0/0           | 0/1       | 0/0     | 0/0   | 0/0   | 0/0   | 0/0   | 0/0   | hardware_interface/best_hazor/laser_beta_ram/BU2/U0/blk_mem_generator/valid.cstr/ramloop[10].ram.r                            |
| ++++++++v5_init.ram          |           | 0/0           | 0/0           | 0/0           | 0/0           | 1/1       | 0/0     | 0/0   | 0/0   | 0/0   | 0/0   | 0/0   | hardware_interface/best_hazor/laser_beta_ram/BU2/U0/blk_mem_generator/valid.cstr/ramloop[10].ram.r/v5_init.ram                |
| +++++++ramloop[11].ram.r     |           | 0/0           | 0/0           | 0/0           | 0/0           | 0/1       | 0/0     | 0/0   | 0/0   | 0/0   | 0/0   | 0/0   | hardware_interface/best_hazor/laser_beta_ram/BU2/U0/blk_mem_generator/valid.cstr/ramloop[11].ram.r                            |
| ++++++++v5_init.ram          |           | 0/0           | 0/0           | 0/0           | 0/0           | 1/1       | 0/0     | 0/0   | 0/0   | 0/0   | 0/0   | 0/0   | hardware_interface/best_hazor/laser_beta_ram/BU2/U0/blk_mem_generator/valid.cstr/ramloop[11].ram.r/v5_init.ram                |
| +++++++ramloop[12].ram.r     |           | 0/0           | 0/0           | 0/0           | 0/0           | 0/1       | 0/0     | 0/0   | 0/0   | 0/0   | 0/0   | 0/0   | hardware_interface/best_hazor/laser_beta_ram/BU2/U0/blk_mem_generator/valid.cstr/ramloop[12].ram.r                            |
| ++++++++v5_init.ram          |           | 0/0           | 0/0           | 0/0           | 0/0           | 1/1       | 0/0     | 0/0   | 0/0   | 0/0   | 0/0   | 0/0   | hardware_interface/best_hazor/laser_beta_ram/BU2/U0/blk_mem_generator/valid.cstr/ramloop[12].ram.r/v5_init.ram                |
| +++++++ramloop[13].ram.r     |           | 0/0           | 0/0           | 0/0           | 0/0           | 0/1       | 0/0     | 0/0   | 0/0   | 0/0   | 0/0   | 0/0   | hardware_interface/best_hazor/laser_beta_ram/BU2/U0/blk_mem_generator/valid.cstr/ramloop[13].ram.r                            |
| ++++++++v5_init.ram          |           | 0/0           | 0/0           | 0/0           | 0/0           | 1/1       | 0/0     | 0/0   | 0/0   | 0/0   | 0/0   | 0/0   | hardware_interface/best_hazor/laser_beta_ram/BU2/U0/blk_mem_generator/valid.cstr/ramloop[13].ram.r/v5_init.ram                |
| +++++++ramloop[14].ram.r     |           | 0/0           | 0/0           | 0/0           | 0/0           | 0/1       | 0/0     | 0/0   | 0/0   | 0/0   | 0/0   | 0/0   | hardware_interface/best_hazor/laser_beta_ram/BU2/U0/blk_mem_generator/valid.cstr/ramloop[14].ram.r                            |
| ++++++++v5_init.ram          |           | 0/0           | 0/0           | 0/0           | 0/0           | 1/1       | 0/0     | 0/0   | 0/0   | 0/0   | 0/0   | 0/0   | hardware_interface/best_hazor/laser_beta_ram/BU2/U0/blk_mem_generator/valid.cstr/ramloop[14].ram.r/v5_init.ram                |
| +++++++ramloop[1].ram.r      |           | 0/0           | 0/0           | 0/0           | 0/0           | 0/1       | 0/0     | 0/0   | 0/0   | 0/0   | 0/0   | 0/0   | hardware_interface/best_hazor/laser_beta_ram/BU2/U0/blk_mem_generator/valid.cstr/ramloop[1].ram.r                             |
| ++++++++v5_init.ram          |           | 0/0           | 0/0           | 0/0           | 0/0           | 1/1       | 0/0     | 0/0   | 0/0   | 0/0   | 0/0   | 0/0   | hardware_interface/best_hazor/laser_beta_ram/BU2/U0/blk_mem_generator/valid.cstr/ramloop[1].ram.r/v5_init.ram                 |
| +++++++ramloop[2].ram.r      |           | 0/0           | 0/0           | 0/0           | 0/0           | 0/1       | 0/0     | 0/0   | 0/0   | 0/0   | 0/0   | 0/0   | hardware_interface/best_hazor/laser_beta_ram/BU2/U0/blk_mem_generator/valid.cstr/ramloop[2].ram.r                             |
| ++++++++v5_init.ram          |           | 0/0           | 0/0           | 0/0           | 0/0           | 1/1       | 0/0     | 0/0   | 0/0   | 0/0   | 0/0   | 0/0   | hardware_interface/best_hazor/laser_beta_ram/BU2/U0/blk_mem_generator/valid.cstr/ramloop[2].ram.r/v5_init.ram                 |
| +++++++ramloop[3].ram.r      |           | 0/0           | 0/0           | 0/0           | 0/0           | 0/1       | 0/0     | 0/0   | 0/0   | 0/0   | 0/0   | 0/0   | hardware_interface/best_hazor/laser_beta_ram/BU2/U0/blk_mem_generator/valid.cstr/ramloop[3].ram.r                             |
| ++++++++v5_init.ram          |           | 0/0           | 0/0           | 0/0           | 0/0           | 1/1       | 0/0     | 0/0   | 0/0   | 0/0   | 0/0   | 0/0   | hardware_interface/best_hazor/laser_beta_ram/BU2/U0/blk_mem_generator/valid.cstr/ramloop[3].ram.r/v5_init.ram                 |
| +++++++ramloop[4].ram.r      |           | 0/0           | 0/0           | 0/0           | 0/0           | 0/1       | 0/0     | 0/0   | 0/0   | 0/0   | 0/0   | 0/0   | hardware_interface/best_hazor/laser_beta_ram/BU2/U0/blk_mem_generator/valid.cstr/ramloop[4].ram.r                             |
| ++++++++v5_init.ram          |           | 0/0           | 0/0           | 0/0           | 0/0           | 1/1       | 0/0     | 0/0   | 0/0   | 0/0   | 0/0   | 0/0   | hardware_interface/best_hazor/laser_beta_ram/BU2/U0/blk_mem_generator/valid.cstr/ramloop[4].ram.r/v5_init.ram                 |
| +++++++ramloop[5].ram.r      |           | 0/0           | 0/0           | 0/0           | 0/0           | 0/1       | 0/0     | 0/0   | 0/0   | 0/0   | 0/0   | 0/0   | hardware_interface/best_hazor/laser_beta_ram/BU2/U0/blk_mem_generator/valid.cstr/ramloop[5].ram.r                             |
| ++++++++v5_init.ram          |           | 0/0           | 0/0           | 0/0           | 0/0           | 1/1       | 0/0     | 0/0   | 0/0   | 0/0   | 0/0   | 0/0   | hardware_interface/best_hazor/laser_beta_ram/BU2/U0/blk_mem_generator/valid.cstr/ramloop[5].ram.r/v5_init.ram                 |
| +++++++ramloop[6].ram.r      |           | 0/0           | 0/0           | 0/0           | 0/0           | 0/1       | 0/0     | 0/0   | 0/0   | 0/0   | 0/0   | 0/0   | hardware_interface/best_hazor/laser_beta_ram/BU2/U0/blk_mem_generator/valid.cstr/ramloop[6].ram.r                             |
| ++++++++v5_init.ram          |           | 0/0           | 0/0           | 0/0           | 0/0           | 1/1       | 0/0     | 0/0   | 0/0   | 0/0   | 0/0   | 0/0   | hardware_interface/best_hazor/laser_beta_ram/BU2/U0/blk_mem_generator/valid.cstr/ramloop[6].ram.r/v5_init.ram                 |
| +++++++ramloop[7].ram.r      |           | 0/0           | 0/0           | 0/0           | 0/0           | 0/1       | 0/0     | 0/0   | 0/0   | 0/0   | 0/0   | 0/0   | hardware_interface/best_hazor/laser_beta_ram/BU2/U0/blk_mem_generator/valid.cstr/ramloop[7].ram.r                             |
| ++++++++v5_init.ram          |           | 0/0           | 0/0           | 0/0           | 0/0           | 1/1       | 0/0     | 0/0   | 0/0   | 0/0   | 0/0   | 0/0   | hardware_interface/best_hazor/laser_beta_ram/BU2/U0/blk_mem_generator/valid.cstr/ramloop[7].ram.r/v5_init.ram                 |
| +++++++ramloop[8].ram.r      |           | 0/0           | 0/0           | 0/0           | 0/0           | 0/1       | 0/0     | 0/0   | 0/0   | 0/0   | 0/0   | 0/0   | hardware_interface/best_hazor/laser_beta_ram/BU2/U0/blk_mem_generator/valid.cstr/ramloop[8].ram.r                             |
| ++++++++v5_init.ram          |           | 0/0           | 0/0           | 0/0           | 0/0           | 1/1       | 0/0     | 0/0   | 0/0   | 0/0   | 0/0   | 0/0   | hardware_interface/best_hazor/laser_beta_ram/BU2/U0/blk_mem_generator/valid.cstr/ramloop[8].ram.r/v5_init.ram                 |
| +++++++ramloop[9].ram.r      |           | 0/0           | 0/0           | 0/0           | 0/0           | 0/1       | 0/0     | 0/0   | 0/0   | 0/0   | 0/0   | 0/0   | hardware_interface/best_hazor/laser_beta_ram/BU2/U0/blk_mem_generator/valid.cstr/ramloop[9].ram.r                             |
| ++++++++v5_init.ram          |           | 0/0           | 0/0           | 0/0           | 0/0           | 1/1       | 0/0     | 0/0   | 0/0   | 0/0   | 0/0   | 0/0   | hardware_interface/best_hazor/laser_beta_ram/BU2/U0/blk_mem_generator/valid.cstr/ramloop[9].ram.r/v5_init.ram                 |
| ++laser_decode               |           | 6/6           | 0/0           | 8/8           | 0/0           | 0/0       | 0/0     | 0/0   | 0/0   | 0/0   | 0/0   | 0/0   | hardware_interface/best_hazor/laser_decode                                                                                    |
| ++laser_read_decode          |           | 58/58         | 2/2           | 87/87         | 0/0           | 0/0       | 0/0     | 0/0   | 0/0   | 0/0   | 0/0   | 0/0   | hardware_interface/best_hazor/laser_read_decode                                                                               |
| ++laser_shared_memory        |           | 42/42         | 128/128       | 139/139       | 0/0           | 0/1       | 0/0     | 0/0   | 0/0   | 0/0   | 0/0   | 0/0   | hardware_interface/best_hazor/laser_shared_memory                                                                             |
| +++shared_ram                |           | 0/0           | 0/0           | 0/0           | 0/0           | 0/1       | 0/0     | 0/0   | 0/0   | 0/0   | 0/0   | 0/0   | hardware_interface/best_hazor/laser_shared_memory/shared_ram                                                                  |
| ++++BU2                      |           | 0/0           | 0/0           | 0/0           | 0/0           | 0/1       | 0/0     | 0/0   | 0/0   | 0/0   | 0/0   | 0/0   | hardware_interface/best_hazor/laser_shared_memory/shared_ram/BU2                                                              |
| +++++U0                      |           | 0/0           | 0/0           | 0/0           | 0/0           | 0/1       | 0/0     | 0/0   | 0/0   | 0/0   | 0/0   | 0/0   | hardware_interface/best_hazor/laser_shared_memory/shared_ram/BU2/U0                                                           |
| ++++++blk_mem_generator      |           | 0/0           | 0/0           | 0/0           | 0/0           | 0/1       | 0/0     | 0/0   | 0/0   | 0/0   | 0/0   | 0/0   | hardware_interface/best_hazor/laser_shared_memory/shared_ram/BU2/U0/blk_mem_generator                                         |
| +++++++valid.cstr            |           | 0/0           | 0/0           | 0/0           | 0/0           | 0/1       | 0/0     | 0/0   | 0/0   | 0/0   | 0/0   | 0/0   | hardware_interface/best_hazor/laser_shared_memory/shared_ram/BU2/U0/blk_mem_generator/valid.cstr                              |
| ++++++++ramloop[0].ram.r     |           | 0/0           | 0/0           | 0/0           | 0/0           | 0/1       | 0/0     | 0/0   | 0/0   | 0/0   | 0/0   | 0/0   | hardware_interface/best_hazor/laser_shared_memory/shared_ram/BU2/U0/blk_mem_generator/valid.cstr/ramloop[0].ram.r             |
| +++++++++v5_init.ram         |           | 0/0           | 0/0           | 0/0           | 0/0           | 1/1       | 0/0     | 0/0   | 0/0   | 0/0   | 0/0   | 0/0   | hardware_interface/best_hazor/laser_shared_memory/shared_ram/BU2/U0/blk_mem_generator/valid.cstr/ramloop[0].ram.r/v5_init.ram |
| ++physics_beta_IO            |           | 125/173       | 193/245       | 332/445       | 0/0           | 0/0       | 0/0     | 0/0   | 0/0   | 0/0   | 0/0   | 0/0   | hardware_interface/best_hazor/physics_beta_IO                                                                                 |
| +++beta_spi                  |           | 20/20         | 17/17         | 39/39         | 0/0           | 0/0       | 0/0     | 0/0   | 0/0   | 0/0   | 0/0   | 0/0   | hardware_interface/best_hazor/physics_beta_IO/beta_spi                                                                        |
| +++beta_timer1               |           | 28/28         | 35/35         | 74/74         | 0/0           | 0/0       | 0/0     | 0/0   | 0/0   | 0/0   | 0/0   | 0/0   | hardware_interface/best_hazor/physics_beta_IO/beta_timer1                                                                     |
| ++physics_beta_ram           |           | 0/25          | 0/2           | 0/31          | 0/0           | 0/14      | 0/0     | 0/0   | 0/0   | 0/0   | 0/0   | 0/0   | hardware_interface/best_hazor/physics_beta_ram                                                                                |
| +++BU2                       |           | 0/25          | 0/2           | 0/31          | 0/0           | 0/14      | 0/0     | 0/0   | 0/0   | 0/0   | 0/0   | 0/0   | hardware_interface/best_hazor/physics_beta_ram/BU2                                                                            |
| ++++U0                       |           | 0/25          | 0/2           | 0/31          | 0/0           | 0/14      | 0/0     | 0/0   | 0/0   | 0/0   | 0/0   | 0/0   | hardware_interface/best_hazor/physics_beta_ram/BU2/U0                                                                         |
| +++++blk_mem_generator       |           | 0/25          | 0/2           | 0/31          | 0/0           | 0/14      | 0/0     | 0/0   | 0/0   | 0/0   | 0/0   | 0/0   | hardware_interface/best_hazor/physics_beta_ram/BU2/U0/blk_mem_generator                                                       |
| ++++++valid.cstr             |           | 0/25          | 0/2           | 0/31          | 0/0           | 0/14      | 0/0     | 0/0   | 0/0   | 0/0   | 0/0   | 0/0   | hardware_interface/best_hazor/physics_beta_ram/BU2/U0/blk_mem_generator/valid.cstr                                            |
| +++++++bindec_a.bindec_inst_ |           | 4/4           | 0/0           | 4/4           | 0/0           | 0/0       | 0/0     | 0/0   | 0/0   | 0/0   | 0/0   | 0/0   | hardware_interface/best_hazor/physics_beta_ram/BU2/U0/blk_mem_generator/valid.cstr/bindec_a.bindec_inst_a                     |
| +++++++has_mux_a.A           |           | 21/21         | 2/2           | 27/27         | 0/0           | 0/0       | 0/0     | 0/0   | 0/0   | 0/0   | 0/0   | 0/0   | hardware_interface/best_hazor/physics_beta_ram/BU2/U0/blk_mem_generator/valid.cstr/has_mux_a.A                                |
| +++++++ramloop[10].ram.r     |           | 0/0           | 0/0           | 0/0           | 0/0           | 0/1       | 0/0     | 0/0   | 0/0   | 0/0   | 0/0   | 0/0   | hardware_interface/best_hazor/physics_beta_ram/BU2/U0/blk_mem_generator/valid.cstr/ramloop[10].ram.r                          |
| ++++++++v5_init.ram          |           | 0/0           | 0/0           | 0/0           | 0/0           | 1/1       | 0/0     | 0/0   | 0/0   | 0/0   | 0/0   | 0/0   | hardware_interface/best_hazor/physics_beta_ram/BU2/U0/blk_mem_generator/valid.cstr/ramloop[10].ram.r/v5_init.ram              |
| +++++++ramloop[11].ram.r     |           | 0/0           | 0/0           | 0/0           | 0/0           | 0/1       | 0/0     | 0/0   | 0/0   | 0/0   | 0/0   | 0/0   | hardware_interface/best_hazor/physics_beta_ram/BU2/U0/blk_mem_generator/valid.cstr/ramloop[11].ram.r                          |
| ++++++++v5_init.ram          |           | 0/0           | 0/0           | 0/0           | 0/0           | 1/1       | 0/0     | 0/0   | 0/0   | 0/0   | 0/0   | 0/0   | hardware_interface/best_hazor/physics_beta_ram/BU2/U0/blk_mem_generator/valid.cstr/ramloop[11].ram.r/v5_init.ram              |
| +++++++ramloop[12].ram.r     |           | 0/0           | 0/0           | 0/0           | 0/0           | 0/1       | 0/0     | 0/0   | 0/0   | 0/0   | 0/0   | 0/0   | hardware_interface/best_hazor/physics_beta_ram/BU2/U0/blk_mem_generator/valid.cstr/ramloop[12].ram.r                          |
| ++++++++v5_init.ram          |           | 0/0           | 0/0           | 0/0           | 0/0           | 1/1       | 0/0     | 0/0   | 0/0   | 0/0   | 0/0   | 0/0   | hardware_interface/best_hazor/physics_beta_ram/BU2/U0/blk_mem_generator/valid.cstr/ramloop[12].ram.r/v5_init.ram              |
| +++++++ramloop[13].ram.r     |           | 0/0           | 0/0           | 0/0           | 0/0           | 0/1       | 0/0     | 0/0   | 0/0   | 0/0   | 0/0   | 0/0   | hardware_interface/best_hazor/physics_beta_ram/BU2/U0/blk_mem_generator/valid.cstr/ramloop[13].ram.r                          |
| ++++++++v5_init.ram          |           | 0/0           | 0/0           | 0/0           | 0/0           | 1/1       | 0/0     | 0/0   | 0/0   | 0/0   | 0/0   | 0/0   | hardware_interface/best_hazor/physics_beta_ram/BU2/U0/blk_mem_generator/valid.cstr/ramloop[13].ram.r/v5_init.ram              |
| +++++++ramloop[14].ram.r     |           | 0/0           | 0/0           | 0/0           | 0/0           | 0/1       | 0/0     | 0/0   | 0/0   | 0/0   | 0/0   | 0/0   | hardware_interface/best_hazor/physics_beta_ram/BU2/U0/blk_mem_generator/valid.cstr/ramloop[14].ram.r                          |
| ++++++++v5_init.ram          |           | 0/0           | 0/0           | 0/0           | 0/0           | 1/1       | 0/0     | 0/0   | 0/0   | 0/0   | 0/0   | 0/0   | hardware_interface/best_hazor/physics_beta_ram/BU2/U0/blk_mem_generator/valid.cstr/ramloop[14].ram.r/v5_init.ram              |
| +++++++ramloop[1].ram.r      |           | 0/0           | 0/0           | 0/0           | 0/0           | 0/1       | 0/0     | 0/0   | 0/0   | 0/0   | 0/0   | 0/0   | hardware_interface/best_hazor/physics_beta_ram/BU2/U0/blk_mem_generator/valid.cstr/ramloop[1].ram.r                           |
| ++++++++v5_init.ram          |           | 0/0           | 0/0           | 0/0           | 0/0           | 1/1       | 0/0     | 0/0   | 0/0   | 0/0   | 0/0   | 0/0   | hardware_interface/best_hazor/physics_beta_ram/BU2/U0/blk_mem_generator/valid.cstr/ramloop[1].ram.r/v5_init.ram               |
| +++++++ramloop[2].ram.r      |           | 0/0           | 0/0           | 0/0           | 0/0           | 0/1       | 0/0     | 0/0   | 0/0   | 0/0   | 0/0   | 0/0   | hardware_interface/best_hazor/physics_beta_ram/BU2/U0/blk_mem_generator/valid.cstr/ramloop[2].ram.r                           |
| ++++++++v5_init.ram          |           | 0/0           | 0/0           | 0/0           | 0/0           | 1/1       | 0/0     | 0/0   | 0/0   | 0/0   | 0/0   | 0/0   | hardware_interface/best_hazor/physics_beta_ram/BU2/U0/blk_mem_generator/valid.cstr/ramloop[2].ram.r/v5_init.ram               |
| +++++++ramloop[3].ram.r      |           | 0/0           | 0/0           | 0/0           | 0/0           | 0/1       | 0/0     | 0/0   | 0/0   | 0/0   | 0/0   | 0/0   | hardware_interface/best_hazor/physics_beta_ram/BU2/U0/blk_mem_generator/valid.cstr/ramloop[3].ram.r                           |
| ++++++++v5_init.ram          |           | 0/0           | 0/0           | 0/0           | 0/0           | 1/1       | 0/0     | 0/0   | 0/0   | 0/0   | 0/0   | 0/0   | hardware_interface/best_hazor/physics_beta_ram/BU2/U0/blk_mem_generator/valid.cstr/ramloop[3].ram.r/v5_init.ram               |
| +++++++ramloop[4].ram.r      |           | 0/0           | 0/0           | 0/0           | 0/0           | 0/1       | 0/0     | 0/0   | 0/0   | 0/0   | 0/0   | 0/0   | hardware_interface/best_hazor/physics_beta_ram/BU2/U0/blk_mem_generator/valid.cstr/ramloop[4].ram.r                           |
| ++++++++v5_init.ram          |           | 0/0           | 0/0           | 0/0           | 0/0           | 1/1       | 0/0     | 0/0   | 0/0   | 0/0   | 0/0   | 0/0   | hardware_interface/best_hazor/physics_beta_ram/BU2/U0/blk_mem_generator/valid.cstr/ramloop[4].ram.r/v5_init.ram               |
| +++++++ramloop[5].ram.r      |           | 0/0           | 0/0           | 0/0           | 0/0           | 0/1       | 0/0     | 0/0   | 0/0   | 0/0   | 0/0   | 0/0   | hardware_interface/best_hazor/physics_beta_ram/BU2/U0/blk_mem_generator/valid.cstr/ramloop[5].ram.r                           |
| ++++++++v5_init.ram          |           | 0/0           | 0/0           | 0/0           | 0/0           | 1/1       | 0/0     | 0/0   | 0/0   | 0/0   | 0/0   | 0/0   | hardware_interface/best_hazor/physics_beta_ram/BU2/U0/blk_mem_generator/valid.cstr/ramloop[5].ram.r/v5_init.ram               |
| +++++++ramloop[6].ram.r      |           | 0/0           | 0/0           | 0/0           | 0/0           | 0/1       | 0/0     | 0/0   | 0/0   | 0/0   | 0/0   | 0/0   | hardware_interface/best_hazor/physics_beta_ram/BU2/U0/blk_mem_generator/valid.cstr/ramloop[6].ram.r                           |
| ++++++++v5_init.ram          |           | 0/0           | 0/0           | 0/0           | 0/0           | 1/1       | 0/0     | 0/0   | 0/0   | 0/0   | 0/0   | 0/0   | hardware_interface/best_hazor/physics_beta_ram/BU2/U0/blk_mem_generator/valid.cstr/ramloop[6].ram.r/v5_init.ram               |
| +++++++ramloop[7].ram.r      |           | 0/0           | 0/0           | 0/0           | 0/0           | 0/1       | 0/0     | 0/0   | 0/0   | 0/0   | 0/0   | 0/0   | hardware_interface/best_hazor/physics_beta_ram/BU2/U0/blk_mem_generator/valid.cstr/ramloop[7].ram.r                           |
| ++++++++v5_init.ram          |           | 0/0           | 0/0           | 0/0           | 0/0           | 1/1       | 0/0     | 0/0   | 0/0   | 0/0   | 0/0   | 0/0   | hardware_interface/best_hazor/physics_beta_ram/BU2/U0/blk_mem_generator/valid.cstr/ramloop[7].ram.r/v5_init.ram               |
| +++++++ramloop[8].ram.r      |           | 0/0           | 0/0           | 0/0           | 0/0           | 0/1       | 0/0     | 0/0   | 0/0   | 0/0   | 0/0   | 0/0   | hardware_interface/best_hazor/physics_beta_ram/BU2/U0/blk_mem_generator/valid.cstr/ramloop[8].ram.r                           |
| ++++++++v5_init.ram          |           | 0/0           | 0/0           | 0/0           | 0/0           | 1/1       | 0/0     | 0/0   | 0/0   | 0/0   | 0/0   | 0/0   | hardware_interface/best_hazor/physics_beta_ram/BU2/U0/blk_mem_generator/valid.cstr/ramloop[8].ram.r/v5_init.ram               |
| +++++++ramloop[9].ram.r      |           | 0/0           | 0/0           | 0/0           | 0/0           | 0/1       | 0/0     | 0/0   | 0/0   | 0/0   | 0/0   | 0/0   | hardware_interface/best_hazor/physics_beta_ram/BU2/U0/blk_mem_generator/valid.cstr/ramloop[9].ram.r                           |
| ++++++++v5_init.ram          |           | 0/0           | 0/0           | 0/0           | 0/0           | 1/1       | 0/0     | 0/0   | 0/0   | 0/0   | 0/0   | 0/0   | hardware_interface/best_hazor/physics_beta_ram/BU2/U0/blk_mem_generator/valid.cstr/ramloop[9].ram.r/v5_init.ram               |
| ++physics_decode             |           | 12/12         | 0/0           | 17/17         | 0/0           | 0/0       | 0/0     | 0/0   | 0/0   | 0/0   | 0/0   | 0/0   | hardware_interface/best_hazor/physics_decode                                                                                  |
| ++physics_read_decode        |           | 72/72         | 2/2           | 108/108       | 0/0           | 0/0       | 0/0     | 0/0   | 0/0   | 0/0   | 0/0   | 0/0   | hardware_interface/best_hazor/physics_read_decode                                                                             |
| ++physics_shared_memory      |           | 19/19         | 64/64         | 68/68         | 0/0           | 0/0       | 0/0     | 0/0   | 0/0   | 0/0   | 0/0   | 0/0   | hardware_interface/best_hazor/physics_shared_memory                                                                           |
+--------------------------------------------------------------------------------------------------------------------------------------------------------------------------------------------------------------------------------------------------------------------------------------------------------+

* Slices can be packed with basic elements from multiple hierarchies.
  Therefore, a slice will be counted in every hierarchical module
  that each of its packed basic elements belong to.
** For each column, there are two numbers reported <A>/<B>.
   <A> is the number of elements that belong to that specific hierarchical module.
   <B> is the total number of elements from that hierarchical module and any lower level
   hierarchical modules below.
*** The LUTRAM column counts all LUTs used as memory including RAM, ROM, and shift registers.
